2025-07-11 14:11:53,384 - INFO - Application started
2025-07-11 14:11:53,385 - INFO - Setting up new SQLite database...
2025-07-11 14:11:53,399 - INFO - New database setup completed successfully
2025-07-11 14:11:53,399 - INFO - Loading YOLOv8 model...
2025-07-11 14:11:53,706 - INFO - Successfully loaded model: yolov8n.pt
2025-07-11 14:11:53,706 - INFO - Initializing webcam...
2025-07-11 14:11:57,435 - INFO - Successfully opened camera at index 0
2025-07-11 14:11:57,451 - INFO - Initializing text-to-speech...
2025-07-11 14:11:59,091 - INFO - Setting up worker threads...
2025-07-11 14:11:59,093 - INFO - Detection started
2025-07-11 14:12:53,369 - INFO - Cleaning up resources...
2025-07-11 14:12:53,798 - INFO - Cleanup completed
2025-07-11 15:51:30,184 - INFO - Application started
2025-07-11 15:51:30,185 - INFO - Setting up new SQLite database...
2025-07-11 15:51:30,191 - INFO - New database setup completed successfully
2025-07-11 15:51:30,191 - INFO - Loading YOLOv8 model...
2025-07-11 15:51:30,454 - INFO - Successfully loaded model: yolov8n.pt
2025-07-11 15:51:30,455 - INFO - Initializing webcam...
2025-07-11 15:51:34,269 - INFO - Successfully opened camera at index 0
2025-07-11 15:51:34,293 - INFO - Initializing text-to-speech...
2025-07-11 15:51:35,993 - INFO - Setting up worker threads...
2025-07-11 15:51:35,996 - INFO - Detection started
2025-07-11 15:53:34,522 - INFO - New bottle detected: #1, Confidence: 0.59
2025-07-11 15:54:54,100 - INFO - New bottle detected: #2, Confidence: 0.52
2025-07-11 15:57:25,474 - INFO - Cleaning up resources...
2025-07-11 15:57:25,877 - INFO - Cleanup completed
2025-07-11 15:57:34,709 - INFO - Application started
2025-07-11 15:57:34,709 - INFO - Setting up new SQLite database...
2025-07-11 15:57:34,712 - INFO - New database setup completed successfully
2025-07-11 15:57:34,712 - INFO - Loading YOLOv8 model...
2025-07-11 15:57:34,871 - INFO - Successfully loaded model: yolov8n.pt
2025-07-11 15:57:34,871 - INFO - Initializing webcam...
2025-07-11 15:57:37,785 - INFO - Successfully opened camera at index 0
2025-07-11 15:57:37,796 - INFO - Initializing text-to-speech...
2025-07-11 15:57:38,752 - INFO - Setting up worker threads...
2025-07-11 15:57:38,754 - INFO - Detection started
2025-07-11 16:00:29,692 - INFO - Cleaning up resources...
2025-07-11 16:00:30,116 - INFO - Cleanup completed
