2025-07-01 00:01:47,206 - INFO - Application started
2025-07-01 00:01:47,206 - INFO - Setting up SQLite database...
2025-07-01 00:01:47,209 - INFO - Database setup completed successfully
2025-07-01 00:01:47,210 - INFO - Loading YOLOv8 model...
2025-07-01 00:01:47,399 - INFO - Successfully loaded model: yolov8n.pt
2025-07-01 00:01:47,399 - INFO - Initializing webcam...
2025-07-01 00:01:50,531 - INFO - Successfully opened camera at index 0
2025-07-01 00:01:50,551 - INFO - Initializing text-to-speech...
2025-07-01 00:01:51,619 - INFO - Setting up worker threads...
2025-07-01 00:01:51,621 - INFO - Detection started
2025-07-01 00:03:38,843 - ERROR - Error exporting history: bad option "-initialname": must be -confirmoverwrite, -defaultextension, -filetypes, -initialdir, -initialfile, -parent, -title, or -typevariable
2025-07-01 00:04:26,987 - ERROR - Error exporting history: bad option "-initialname": must be -confirmoverwrite, -defaultextension, -filetypes, -initialdir, -initialfile, -parent, -title, or -typevariable
2025-07-01 00:06:28,048 - INFO - Cleaning up resources...
2025-07-01 00:06:28,492 - INFO - Cleanup completed
2025-07-01 00:07:12,791 - INFO - Application started
2025-07-01 00:07:12,791 - INFO - Setting up SQLite database...
2025-07-01 00:07:12,792 - INFO - Database setup completed successfully
2025-07-01 00:07:12,792 - INFO - Loading YOLOv8 model...
2025-07-01 00:07:12,970 - INFO - Successfully loaded model: yolov8n.pt
2025-07-01 00:07:12,970 - INFO - Initializing webcam...
2025-07-01 00:07:16,054 - INFO - Successfully opened camera at index 0
2025-07-01 00:07:16,066 - INFO - Initializing text-to-speech...
2025-07-01 00:08:12,503 - INFO - Application started
2025-07-01 00:08:12,503 - INFO - Setting up SQLite database...
2025-07-01 00:08:12,504 - INFO - Database setup completed successfully
2025-07-01 00:08:12,505 - INFO - Loading YOLOv8 model...
2025-07-01 00:08:12,645 - INFO - Successfully loaded model: yolov8n.pt
2025-07-01 00:08:12,646 - INFO - Initializing webcam...
2025-07-01 00:08:15,574 - INFO - Successfully opened camera at index 0
2025-07-01 00:08:15,585 - INFO - Initializing text-to-speech...
2025-07-01 00:08:27,546 - INFO - Application started
2025-07-01 00:08:27,546 - INFO - Setting up SQLite database...
2025-07-01 00:08:27,547 - INFO - Database setup completed successfully
2025-07-01 00:08:27,548 - INFO - Loading YOLOv8 model...
2025-07-01 00:08:27,693 - INFO - Successfully loaded model: yolov8n.pt
2025-07-01 00:08:27,693 - INFO - Initializing webcam...
2025-07-01 00:08:30,535 - INFO - Successfully opened camera at index 0
2025-07-01 00:08:30,546 - INFO - Initializing text-to-speech...
2025-07-01 00:08:31,395 - INFO - Setting up worker threads...
2025-07-01 00:08:31,397 - INFO - Detection started
2025-07-01 00:08:36,636 - ERROR - Error exporting history: bad option "-initialname": must be -confirmoverwrite, -defaultextension, -filetypes, -initialdir, -initialfile, -parent, -title, or -typevariable
2025-07-01 00:08:45,215 - INFO - Cleaning up resources...
2025-07-01 00:08:45,615 - INFO - Cleanup completed
2025-07-01 00:08:58,341 - INFO - Application started
2025-07-01 00:08:58,341 - INFO - Setting up SQLite database...
2025-07-01 00:08:58,342 - INFO - Database setup completed successfully
2025-07-01 00:08:58,343 - INFO - Loading YOLOv8 model...
2025-07-01 00:08:58,489 - INFO - Successfully loaded model: yolov8n.pt
2025-07-01 00:08:58,489 - INFO - Initializing webcam...
2025-07-01 00:09:01,393 - INFO - Successfully opened camera at index 0
2025-07-01 00:09:01,406 - INFO - Initializing text-to-speech...
2025-07-01 00:09:22,646 - INFO - Application started
2025-07-01 00:09:22,646 - INFO - Setting up SQLite database...
2025-07-01 00:09:22,647 - INFO - Database setup completed successfully
2025-07-01 00:09:22,647 - INFO - Loading YOLOv8 model...
2025-07-01 00:09:22,781 - INFO - Successfully loaded model: yolov8n.pt
2025-07-01 00:09:22,781 - INFO - Initializing webcam...
2025-07-01 00:09:25,609 - INFO - Successfully opened camera at index 0
2025-07-01 00:09:25,620 - INFO - Initializing text-to-speech...
2025-07-01 00:09:26,440 - INFO - Setting up worker threads...
2025-07-01 00:09:26,441 - INFO - Detection started
2025-07-01 00:09:48,799 - INFO - Cleaning up resources...
2025-07-01 00:09:49,210 - INFO - Cleanup completed
2025-07-01 00:15:24,355 - INFO - Application started
2025-07-01 00:15:24,355 - INFO - Setting up SQLite database...
2025-07-01 00:15:24,356 - INFO - Database setup completed successfully
2025-07-01 00:15:24,356 - INFO - Loading YOLOv8 model...
2025-07-01 00:15:24,476 - INFO - Successfully loaded model: yolov8n.pt
2025-07-01 00:15:24,476 - INFO - Initializing webcam...
2025-07-01 00:15:27,304 - INFO - Successfully opened camera at index 0
2025-07-01 00:15:27,315 - INFO - Initializing text-to-speech...
2025-07-01 00:15:27,992 - INFO - Setting up worker threads...
2025-07-01 00:15:27,996 - INFO - Detection started
2025-07-01 00:15:46,669 - INFO - Detection stopped
2025-07-01 00:15:49,843 - INFO - Detection started
2025-07-01 00:15:53,868 - INFO - Frame captured: captures/bottle_detection_20250701_001553.jpg
2025-07-01 00:15:58,661 - INFO - Frame captured: captures/bottle_detection_20250701_001558.jpg
2025-07-01 00:16:22,565 - INFO - Cleaning up resources...
2025-07-01 00:16:22,976 - INFO - Cleanup completed
2025-07-01 00:16:29,061 - INFO - Application started
2025-07-01 00:16:29,061 - INFO - Setting up SQLite database...
2025-07-01 00:16:29,062 - INFO - Database setup completed successfully
2025-07-01 00:16:29,062 - INFO - Loading YOLOv8 model...
2025-07-01 00:16:29,204 - INFO - Successfully loaded model: yolov8n.pt
2025-07-01 00:16:29,204 - INFO - Initializing webcam...
2025-07-01 00:16:32,071 - INFO - Successfully opened camera at index 0
2025-07-01 00:16:32,126 - INFO - Initializing text-to-speech...
2025-07-01 00:16:32,765 - INFO - Setting up worker threads...
2025-07-01 00:16:32,768 - INFO - Detection started
2025-07-01 00:16:56,274 - INFO - New bottle detected: #1, Confidence: 0.53
2025-07-01 00:17:17,813 - INFO - New bottle detected: #2, Confidence: 0.73
2025-07-01 00:17:31,631 - INFO - New bottle detected: #3, Confidence: 0.52
2025-07-01 00:17:40,990 - INFO - ROI adjusted to: (220, 155)
2025-07-01 00:17:42,818 - INFO - ROI adjusted to: (220, 165)
2025-07-01 00:17:53,834 - INFO - Cleaning up resources...
2025-07-01 00:17:54,287 - INFO - Cleanup completed
2025-07-01 00:18:01,647 - INFO - Application started
2025-07-01 00:18:01,647 - INFO - Setting up SQLite database...
2025-07-01 00:18:01,662 - INFO - Database setup completed successfully
2025-07-01 00:18:01,663 - INFO - Loading YOLOv8 model...
2025-07-01 00:18:01,790 - INFO - Successfully loaded model: yolov8n.pt
2025-07-01 00:18:01,791 - INFO - Initializing webcam...
2025-07-01 00:18:04,738 - INFO - Successfully opened camera at index 0
2025-07-01 00:18:04,752 - INFO - Initializing text-to-speech...
2025-07-01 00:18:05,434 - INFO - Setting up worker threads...
2025-07-01 00:18:05,435 - INFO - Detection started
2025-07-01 00:24:00,108 - INFO - Cleaning up resources...
2025-07-01 00:24:00,554 - INFO - Cleanup completed
2025-07-01 00:27:18,104 - INFO - Application started
2025-07-01 00:27:18,104 - INFO - Setting up SQLite database...
2025-07-01 00:27:18,105 - INFO - Database setup completed successfully
2025-07-01 00:27:18,105 - INFO - Loading YOLOv8 model...
2025-07-01 00:27:18,228 - INFO - Successfully loaded model: yolov8n.pt
2025-07-01 00:27:18,230 - INFO - Initializing webcam...
2025-07-01 00:27:21,217 - INFO - Successfully opened camera at index 0
2025-07-01 00:27:21,258 - INFO - Initializing text-to-speech...
2025-07-01 00:27:21,938 - INFO - Setting up worker threads...
2025-07-01 00:27:21,939 - INFO - Detection started
2025-07-01 00:33:13,606 - INFO - Cleaning up resources...
2025-07-01 00:33:14,059 - INFO - Cleanup completed
2025-07-01 00:33:29,200 - INFO - Application started
2025-07-01 00:33:29,200 - INFO - Setting up SQLite database...
2025-07-01 00:33:29,201 - ERROR - Database setup error: near "NOT": syntax error
2025-07-01 00:33:55,528 - INFO - Application started
2025-07-01 00:33:55,528 - INFO - Setting up SQLite database...
2025-07-01 00:33:55,529 - ERROR - Database setup error: near "NOT": syntax error
2025-07-01 00:41:04,421 - INFO - Application started
2025-07-01 00:41:04,422 - INFO - Setting up SQLite database...
2025-07-01 00:41:04,428 - INFO - Database setup completed successfully
2025-07-01 00:41:04,428 - INFO - Loading YOLOv8 model...
2025-07-01 00:41:04,647 - INFO - Successfully loaded model: yolov8n.pt
2025-07-01 00:41:04,647 - INFO - Initializing webcam...
2025-07-01 00:41:07,908 - INFO - Successfully opened camera at index 0
2025-07-01 00:41:07,931 - INFO - Initializing text-to-speech...
2025-07-01 00:41:08,964 - INFO - Setting up worker threads...
2025-07-01 00:41:08,966 - INFO - Detection started
2025-07-01 00:41:53,134 - INFO - Deleted session ID: 1
2025-07-01 00:41:53,972 - ERROR - Error deleting session: bad window path name ".!toplevel"
2025-07-01 00:42:04,653 - INFO - Deleted session ID: 2
2025-07-01 00:42:05,088 - ERROR - Error deleting session: bad window path name ".!toplevel2"
2025-07-01 00:42:11,015 - INFO - Deleted session ID: 3
2025-07-01 00:42:11,378 - ERROR - Error deleting session: bad window path name ".!toplevel3"
2025-07-01 00:42:16,292 - INFO - Cleaning up resources...
2025-07-01 00:42:16,703 - INFO - Cleanup completed
2025-07-01 00:42:23,076 - INFO - Application started
2025-07-01 00:42:23,076 - INFO - Setting up SQLite database...
2025-07-01 00:42:23,079 - INFO - Database setup completed successfully
2025-07-01 00:42:23,079 - INFO - Loading YOLOv8 model...
2025-07-01 00:42:23,209 - INFO - Successfully loaded model: yolov8n.pt
2025-07-01 00:42:23,209 - INFO - Initializing webcam...
2025-07-01 00:42:26,175 - INFO - Successfully opened camera at index 0
2025-07-01 00:42:26,188 - INFO - Initializing text-to-speech...
2025-07-01 00:42:26,984 - INFO - Setting up worker threads...
2025-07-01 00:42:26,985 - INFO - Detection started
2025-07-01 00:42:56,139 - INFO - New bottle detected: #1, Confidence: 0.55
2025-07-01 00:43:17,003 - INFO - New bottle detected: #2, Confidence: 0.55
2025-07-01 00:43:49,915 - INFO - New bottle detected: #3, Confidence: 0.70
2025-07-01 00:43:51,728 - INFO - New bottle detected: #4, Confidence: 0.64
2025-07-01 00:44:11,373 - INFO - Cleaning up resources...
2025-07-01 00:44:11,822 - INFO - Cleanup completed
2025-07-01 00:44:19,369 - INFO - Application started
2025-07-01 00:44:19,369 - INFO - Setting up SQLite database...
2025-07-01 00:44:19,372 - INFO - Database setup completed successfully
2025-07-01 00:44:19,372 - INFO - Loading YOLOv8 model...
2025-07-01 00:44:19,571 - INFO - Successfully loaded model: yolov8n.pt
2025-07-01 00:44:19,571 - INFO - Initializing webcam...
2025-07-01 00:44:23,428 - INFO - Successfully opened camera at index 0
2025-07-01 00:44:23,467 - INFO - Initializing text-to-speech...
2025-07-01 00:44:25,133 - INFO - Setting up worker threads...
2025-07-01 00:44:25,156 - INFO - Detection started
2025-07-01 00:44:32,812 - INFO - Cleaning up resources...
2025-07-01 00:44:33,206 - INFO - Cleanup completed
2025-07-01 00:44:56,156 - INFO - Application started
2025-07-01 00:44:56,157 - INFO - Setting up SQLite database...
2025-07-01 00:44:56,159 - INFO - Database setup completed successfully
2025-07-01 00:44:56,160 - INFO - Loading YOLOv8 model...
2025-07-01 00:44:56,379 - INFO - Successfully loaded model: yolov8n.pt
2025-07-01 00:44:56,379 - INFO - Initializing webcam...
2025-07-01 00:44:59,646 - INFO - Successfully opened camera at index 0
2025-07-01 00:44:59,667 - INFO - Initializing text-to-speech...
2025-07-01 00:45:00,680 - INFO - Setting up worker threads...
2025-07-01 00:45:00,681 - INFO - Detection started
2025-07-01 00:45:44,548 - INFO - New bottle detected: #1, Confidence: 0.60
2025-07-01 00:46:10,540 - INFO - Deleted session ID: 4
2025-07-01 00:46:10,875 - ERROR - Error deleting session: bad window path name ".!toplevel"
2025-07-01 00:46:49,319 - INFO - Application started
2025-07-01 00:46:49,320 - INFO - Setting up SQLite database...
2025-07-01 00:46:49,323 - INFO - Database setup completed successfully
2025-07-01 00:46:49,324 - INFO - Loading YOLOv8 model...
2025-07-01 00:46:49,441 - INFO - Successfully loaded model: yolov8n.pt
2025-07-01 00:46:49,441 - INFO - Initializing webcam...
2025-07-01 00:46:52,395 - INFO - Successfully opened camera at index 0
2025-07-01 00:46:52,410 - INFO - Initializing text-to-speech...
2025-07-01 00:46:53,077 - INFO - Setting up worker threads...
2025-07-01 00:46:53,079 - INFO - Detection started
2025-07-01 00:47:13,840 - INFO - New bottle detected: #1, Confidence: 0.50
2025-07-01 00:47:13,951 - INFO - New bottle detected: #2, Confidence: 0.53
2025-07-01 00:47:33,961 - INFO - Cleaning up resources...
2025-07-01 00:47:34,380 - INFO - Cleanup completed
2025-07-01 00:47:40,141 - INFO - Application started
2025-07-01 00:47:40,141 - INFO - Setting up SQLite database...
2025-07-01 00:47:40,145 - INFO - Database setup completed successfully
2025-07-01 00:47:40,145 - INFO - Loading YOLOv8 model...
2025-07-01 00:47:40,263 - INFO - Successfully loaded model: yolov8n.pt
2025-07-01 00:47:40,264 - INFO - Initializing webcam...
2025-07-01 00:47:43,091 - INFO - Successfully opened camera at index 0
2025-07-01 00:47:43,102 - INFO - Initializing text-to-speech...
2025-07-01 00:47:43,758 - INFO - Setting up worker threads...
2025-07-01 00:47:43,759 - INFO - Detection started
2025-07-01 00:50:10,500 - INFO - Cleaning up resources...
2025-07-01 00:50:10,919 - INFO - Cleanup completed
2025-07-01 00:51:27,947 - INFO - Application started
2025-07-01 00:51:27,947 - INFO - Setting up SQLite database...
2025-07-01 00:51:27,949 - INFO - Database setup completed successfully
2025-07-01 00:51:27,949 - INFO - Loading YOLOv8 model...
2025-07-01 00:51:28,064 - INFO - Successfully loaded model: yolov8n.pt
2025-07-01 00:51:28,065 - INFO - Initializing webcam...
2025-07-01 00:51:31,027 - INFO - Successfully opened camera at index 0
2025-07-01 00:51:31,039 - INFO - Initializing text-to-speech...
2025-07-01 00:51:31,744 - INFO - Setting up worker threads...
2025-07-01 00:51:31,745 - INFO - Detection started
2025-07-01 00:52:05,352 - INFO - Deleted session ID: 5
2025-07-01 00:52:05,656 - ERROR - Error deleting session: bad window path name ".!toplevel2"
2025-07-01 00:52:18,255 - INFO - Cleaning up resources...
2025-07-01 00:52:18,600 - INFO - Cleanup completed
2025-07-01 00:52:36,565 - INFO - Application started
2025-07-01 00:52:36,565 - INFO - Setting up SQLite database...
2025-07-01 00:52:36,570 - INFO - Database setup completed successfully
2025-07-01 00:52:36,570 - INFO - Loading YOLOv8 model...
2025-07-01 00:52:36,684 - INFO - Successfully loaded model: yolov8n.pt
2025-07-01 00:52:36,685 - INFO - Initializing webcam...
2025-07-01 00:52:39,367 - INFO - Successfully opened camera at index 0
2025-07-01 00:52:39,390 - INFO - Initializing text-to-speech...
2025-07-01 00:52:40,060 - INFO - Setting up worker threads...
2025-07-01 00:52:40,061 - INFO - Detection started
2025-07-01 00:53:33,833 - INFO - New bottle detected: #1, Confidence: 0.52
2025-07-01 00:53:58,008 - INFO - Cleaning up resources...
2025-07-01 00:53:58,393 - INFO - Cleanup completed
2025-07-01 00:54:06,768 - INFO - Application started
2025-07-01 00:54:06,768 - INFO - Setting up SQLite database...
2025-07-01 00:54:06,771 - INFO - Database setup completed successfully
2025-07-01 00:54:06,771 - INFO - Loading YOLOv8 model...
2025-07-01 00:54:06,876 - INFO - Successfully loaded model: yolov8n.pt
2025-07-01 00:54:06,877 - INFO - Initializing webcam...
2025-07-01 00:54:09,628 - INFO - Successfully opened camera at index 0
2025-07-01 00:54:09,645 - INFO - Initializing text-to-speech...
2025-07-01 00:54:10,289 - INFO - Setting up worker threads...
2025-07-01 00:54:10,293 - INFO - Detection started
2025-07-01 00:59:09,194 - INFO - Cleaning up resources...
2025-07-01 00:59:09,592 - INFO - Cleanup completed
2025-07-01 01:04:28,475 - INFO - Application started
2025-07-01 01:04:28,475 - INFO - Setting up SQLite database...
2025-07-01 01:04:28,476 - INFO - Database setup completed successfully
2025-07-01 01:04:28,477 - INFO - Loading YOLOv8 model...
2025-07-01 01:04:28,638 - INFO - Successfully loaded model: yolov8n.pt
2025-07-01 01:04:28,638 - INFO - Initializing webcam...
2025-07-01 01:04:31,673 - INFO - Successfully opened camera at index 0
2025-07-01 01:04:31,691 - INFO - Initializing text-to-speech...
2025-07-01 01:04:32,615 - INFO - Setting up worker threads...
2025-07-01 01:04:32,616 - INFO - Detection started
2025-07-01 01:04:46,168 - INFO - Deleted session ID: 6
2025-07-01 01:04:46,494 - ERROR - Error deleting session: bad window path name ".!toplevel2"
2025-07-01 01:04:53,396 - INFO - Cleaning up resources...
2025-07-01 01:04:53,796 - INFO - Cleanup completed
2025-07-01 01:06:57,469 - INFO - Application started
2025-07-01 01:06:57,469 - INFO - Setting up SQLite database...
2025-07-01 01:06:57,471 - INFO - Database setup completed successfully
2025-07-01 01:06:57,471 - INFO - Loading YOLOv8 model...
2025-07-01 01:06:57,593 - INFO - Successfully loaded model: yolov8n.pt
2025-07-01 01:06:57,593 - INFO - Initializing webcam...
2025-07-01 01:07:00,651 - INFO - Successfully opened camera at index 0
2025-07-01 01:07:00,664 - INFO - Initializing text-to-speech...
2025-07-01 01:07:01,309 - INFO - Setting up worker threads...
2025-07-01 01:07:01,310 - INFO - Detection started
2025-07-01 01:07:10,575 - INFO - Cleaning up resources...
2025-07-01 01:07:10,973 - INFO - Cleanup completed
2025-07-01 01:10:24,443 - INFO - Application started
2025-07-01 01:10:24,443 - INFO - Setting up SQLite database...
2025-07-01 01:10:24,444 - INFO - Database setup completed successfully
2025-07-01 01:10:24,444 - INFO - Loading YOLOv8 model...
2025-07-01 01:10:24,557 - INFO - Successfully loaded model: yolov8n.pt
2025-07-01 01:10:24,561 - INFO - Initializing webcam...
2025-07-01 01:10:27,674 - INFO - Successfully opened camera at index 0
2025-07-01 01:10:27,691 - INFO - Initializing text-to-speech...
2025-07-01 01:10:28,380 - INFO - Setting up worker threads...
2025-07-01 01:10:28,382 - INFO - Detection started
2025-07-01 01:10:46,947 - INFO - New bottle detected: #1, Confidence: 0.52
2025-07-01 01:11:05,109 - INFO - Cleaning up resources...
2025-07-01 01:11:05,562 - INFO - Cleanup completed
2025-07-01 01:11:11,519 - INFO - Application started
2025-07-01 01:11:11,520 - INFO - Setting up SQLite database...
2025-07-01 01:11:11,521 - INFO - Database setup completed successfully
2025-07-01 01:11:11,522 - INFO - Loading YOLOv8 model...
2025-07-01 01:11:11,646 - INFO - Successfully loaded model: yolov8n.pt
2025-07-01 01:11:11,647 - INFO - Initializing webcam...
2025-07-01 01:11:14,521 - INFO - Successfully opened camera at index 0
2025-07-01 01:11:14,533 - INFO - Initializing text-to-speech...
2025-07-01 01:11:15,232 - INFO - Setting up worker threads...
2025-07-01 01:11:15,234 - INFO - Detection started
2025-07-01 01:11:51,122 - INFO - Cleaning up resources...
2025-07-01 01:11:51,532 - INFO - Cleanup completed
2025-07-01 01:15:36,521 - INFO - Application started
2025-07-01 01:15:36,521 - INFO - Setting up new SQLite database...
2025-07-01 01:15:36,551 - INFO - New database setup completed successfully
2025-07-01 01:15:36,551 - INFO - Loading YOLOv8 model...
2025-07-01 01:15:36,668 - INFO - Successfully loaded model: yolov8n.pt
2025-07-01 01:15:36,668 - INFO - Initializing webcam...
2025-07-01 01:15:39,581 - INFO - Successfully opened camera at index 0
2025-07-01 01:15:39,596 - INFO - Initializing text-to-speech...
2025-07-01 01:15:40,259 - INFO - Setting up worker threads...
2025-07-01 01:15:40,260 - INFO - Detection started
2025-07-01 01:15:52,566 - INFO - New bottle detected: #1, Confidence: 0.72
2025-07-01 01:16:00,833 - INFO - Cleaning up resources...
2025-07-01 01:16:01,238 - INFO - Cleanup completed
2025-07-01 01:16:14,494 - INFO - Application started
2025-07-01 01:16:14,494 - INFO - Setting up new SQLite database...
2025-07-01 01:16:14,496 - INFO - New database setup completed successfully
2025-07-01 01:16:14,497 - INFO - Loading YOLOv8 model...
2025-07-01 01:16:14,609 - INFO - Successfully loaded model: yolov8n.pt
2025-07-01 01:16:14,610 - INFO - Initializing webcam...
2025-07-01 01:16:17,356 - INFO - Successfully opened camera at index 0
2025-07-01 01:16:17,369 - INFO - Initializing text-to-speech...
2025-07-01 01:16:18,015 - INFO - Setting up worker threads...
2025-07-01 01:16:18,016 - INFO - Detection started
2025-07-01 01:16:35,061 - INFO - Cleaning up resources...
2025-07-01 01:16:35,376 - INFO - Cleanup completed
2025-07-01 09:43:42,503 - INFO - Application started
2025-07-01 09:43:42,504 - INFO - Setting up new SQLite database...
2025-07-01 09:43:42,510 - INFO - New database setup completed successfully
2025-07-01 09:43:42,511 - INFO - Loading YOLOv8 model...
2025-07-01 09:43:42,713 - INFO - Successfully loaded model: yolov8n.pt
2025-07-01 09:43:42,714 - INFO - Initializing webcam...
2025-07-01 09:43:46,118 - INFO - Successfully opened camera at index 0
2025-07-01 09:43:46,132 - INFO - Initializing text-to-speech...
2025-07-01 09:43:47,353 - INFO - Setting up worker threads...
2025-07-01 09:43:47,355 - INFO - Detection started
2025-07-01 09:45:34,584 - INFO - New bottle detected: #1, Confidence: 0.52
2025-07-01 09:45:58,985 - INFO - New bottle detected: #2, Confidence: 0.50
2025-07-01 09:46:00,772 - INFO - New bottle detected: #3, Confidence: 0.61
2025-07-01 09:47:47,492 - INFO - ROI adjusted to: (220, 155)
2025-07-01 09:47:48,474 - INFO - ROI adjusted to: (220, 145)
2025-07-01 09:47:49,888 - INFO - ROI adjusted to: (220, 135)
2025-07-01 09:47:49,899 - INFO - ROI adjusted to: (220, 125)
2025-07-01 09:47:49,901 - INFO - ROI adjusted to: (220, 115)
2025-07-01 09:47:50,355 - INFO - ROI adjusted to: (220, 105)
2025-07-01 09:47:50,522 - INFO - ROI adjusted to: (220, 95)
2025-07-01 09:47:50,688 - INFO - ROI adjusted to: (220, 85)
2025-07-01 09:47:50,903 - INFO - ROI adjusted to: (220, 75)
2025-07-01 09:47:52,067 - INFO - ROI adjusted to: (220, 85)
2025-07-01 09:47:52,291 - INFO - ROI adjusted to: (220, 95)
2025-07-01 09:47:52,445 - INFO - ROI adjusted to: (220, 105)
2025-07-01 09:47:52,671 - INFO - ROI adjusted to: (220, 115)
2025-07-01 09:47:53,098 - INFO - ROI adjusted to: (220, 125)
2025-07-01 09:47:53,309 - INFO - ROI adjusted to: (220, 135)
2025-07-01 09:47:53,470 - INFO - ROI adjusted to: (220, 145)
2025-07-01 09:47:53,624 - INFO - ROI adjusted to: (220, 155)
2025-07-01 09:47:53,786 - INFO - ROI adjusted to: (220, 165)
2025-07-01 09:47:53,976 - INFO - ROI adjusted to: (220, 175)
2025-07-01 09:47:54,186 - INFO - ROI adjusted to: (220, 185)
2025-07-01 09:47:54,409 - INFO - ROI adjusted to: (220, 195)
2025-07-01 09:47:56,644 - INFO - ROI adjusted to: (230, 195)
2025-07-01 09:47:56,771 - INFO - ROI adjusted to: (240, 195)
2025-07-01 09:47:56,987 - INFO - ROI adjusted to: (250, 195)
2025-07-01 09:47:59,149 - INFO - ROI adjusted to: (240, 195)
2025-07-01 09:47:59,366 - INFO - ROI adjusted to: (230, 195)
2025-07-01 09:48:01,538 - INFO - Cleaning up resources...
2025-07-01 09:48:01,978 - INFO - Cleanup completed
2025-07-01 09:48:19,691 - INFO - Application started
2025-07-01 09:48:19,691 - INFO - Setting up new SQLite database...
2025-07-01 09:48:19,696 - INFO - New database setup completed successfully
2025-07-01 09:48:19,697 - INFO - Loading YOLOv8 model...
2025-07-01 09:48:19,994 - INFO - Successfully loaded model: yolov8n.pt
2025-07-01 09:48:19,994 - INFO - Initializing webcam...
2025-07-01 09:48:27,385 - INFO - Successfully opened camera at index 0
2025-07-01 09:48:27,427 - INFO - Initializing text-to-speech...
2025-07-01 09:48:29,089 - INFO - Setting up worker threads...
2025-07-01 09:48:29,101 - INFO - Detection started
2025-07-01 09:48:37,322 - INFO - Cleaning up resources...
2025-07-01 09:48:37,749 - INFO - Cleanup completed
2025-07-01 15:09:54,194 - INFO - Application started
2025-07-01 15:09:54,197 - INFO - Setting up new SQLite database...
2025-07-01 15:09:54,228 - INFO - New database setup completed successfully
2025-07-01 15:09:54,229 - INFO - Loading YOLOv8 model...
2025-07-01 15:09:54,842 - INFO - Successfully loaded model: yolov8n.pt
2025-07-01 15:09:54,843 - INFO - Initializing webcam...
2025-07-01 15:10:04,140 - INFO - Successfully opened camera at index 0
2025-07-01 15:10:04,200 - INFO - Initializing text-to-speech...
2025-07-01 15:10:07,320 - INFO - Setting up worker threads...
2025-07-01 15:10:07,326 - INFO - Detection started
2025-07-01 15:11:04,575 - WARNING - Failed to capture frame
2025-07-01 15:11:04,755 - WARNING - Failed to capture frame
2025-07-01 15:11:04,880 - WARNING - Failed to capture frame
2025-07-01 15:11:05,043 - WARNING - Failed to capture frame
2025-07-01 15:11:05,168 - WARNING - Failed to capture frame
2025-07-01 15:11:05,274 - WARNING - Failed to capture frame
2025-07-01 15:11:05,383 - WARNING - Failed to capture frame
2025-07-01 15:11:05,503 - WARNING - Failed to capture frame
2025-07-01 15:11:05,640 - WARNING - Failed to capture frame
2025-07-01 15:11:05,758 - WARNING - Failed to capture frame
2025-07-01 15:11:05,866 - WARNING - Failed to capture frame
2025-07-01 15:11:05,985 - WARNING - Failed to capture frame
2025-07-01 15:11:06,104 - WARNING - Failed to capture frame
2025-07-01 15:11:06,225 - WARNING - Failed to capture frame
2025-07-01 15:11:06,333 - WARNING - Failed to capture frame
2025-07-01 15:11:06,443 - WARNING - Failed to capture frame
2025-07-01 15:11:06,564 - WARNING - Failed to capture frame
2025-07-01 15:11:06,680 - WARNING - Failed to capture frame
2025-07-01 15:11:06,803 - WARNING - Failed to capture frame
2025-07-01 15:11:06,924 - WARNING - Failed to capture frame
2025-07-01 15:11:07,031 - WARNING - Failed to capture frame
2025-07-01 15:11:07,141 - WARNING - Failed to capture frame
2025-07-01 15:11:07,255 - WARNING - Failed to capture frame
2025-07-01 15:11:07,365 - WARNING - Failed to capture frame
2025-07-01 15:11:07,476 - WARNING - Failed to capture frame
2025-07-01 15:11:07,590 - WARNING - Failed to capture frame
2025-07-01 15:11:07,719 - WARNING - Failed to capture frame
2025-07-01 15:11:07,836 - WARNING - Failed to capture frame
2025-07-01 15:11:07,942 - WARNING - Failed to capture frame
2025-07-01 15:11:08,050 - WARNING - Failed to capture frame
2025-07-01 15:11:08,160 - WARNING - Failed to capture frame
2025-07-01 15:11:08,268 - WARNING - Failed to capture frame
2025-07-01 15:11:08,382 - WARNING - Failed to capture frame
2025-07-01 15:11:08,508 - WARNING - Failed to capture frame
2025-07-01 15:11:08,642 - WARNING - Failed to capture frame
2025-07-01 15:11:08,752 - WARNING - Failed to capture frame
2025-07-01 15:11:08,874 - WARNING - Failed to capture frame
2025-07-01 15:11:08,987 - WARNING - Failed to capture frame
2025-07-01 15:11:09,120 - WARNING - Failed to capture frame
2025-07-01 15:11:09,248 - INFO - Cleaning up resources...
2025-07-01 15:11:09,262 - WARNING - Failed to capture frame
2025-07-01 15:11:09,343 - INFO - Cleanup completed
2025-07-01 15:11:29,947 - INFO - Application started
2025-07-01 15:11:29,948 - INFO - Setting up new SQLite database...
2025-07-01 15:11:29,951 - INFO - New database setup completed successfully
2025-07-01 15:11:29,951 - INFO - Loading YOLOv8 model...
2025-07-01 15:11:30,361 - INFO - Successfully loaded model: yolov8n.pt
2025-07-01 15:11:30,361 - INFO - Initializing webcam...
2025-07-01 15:11:37,819 - INFO - Successfully opened camera at index 0
2025-07-01 15:11:37,869 - INFO - Initializing text-to-speech...
2025-07-01 15:11:39,939 - INFO - Setting up worker threads...
2025-07-01 15:11:39,943 - INFO - Detection started
2025-07-01 15:12:08,816 - INFO - New bottle detected: #1, Confidence: 0.61
2025-07-01 15:12:31,914 - INFO - New bottle detected: #2, Confidence: 0.72
2025-07-01 15:13:11,590 - INFO - New bottle detected: #3, Confidence: 0.52
2025-07-01 15:14:05,164 - INFO - Cleaning up resources...
2025-07-01 15:14:05,613 - INFO - Cleanup completed
