2025-07-12 09:03:16,950 - INFO - Application started
2025-07-12 09:03:16,951 - INFO - Setting up new SQLite database...
2025-07-12 09:03:16,960 - INFO - New database setup completed successfully
2025-07-12 09:03:16,960 - INFO - Loading YOLOv8 model...
2025-07-12 09:03:17,197 - INFO - Successfully loaded model: yolov8n.pt
2025-07-12 09:03:17,198 - INFO - Initializing webcam...
2025-07-12 09:03:20,806 - INFO - Successfully opened camera at index 0
2025-07-12 09:03:20,827 - INFO - Initializing text-to-speech...
2025-07-12 09:03:22,009 - INFO - Setting up worker threads...
2025-07-12 09:03:22,010 - INFO - Detection started
2025-07-12 09:03:34,437 - INFO - Cleaning up resources...
2025-07-12 09:03:34,848 - INFO - Cleanup completed
2025-07-12 09:03:47,423 - __main__ - INFO - setup_database:306 - Setting up enhanced SQLite database...
2025-07-12 09:03:47,439 - __main__ - INFO - setup_model:216 - Loading enhanced YOLO model...
2025-07-12 09:03:47,639 - __main__ - INFO - setup_model:232 - Loaded model: yolov8n.pt
2025-07-12 09:03:47,639 - __main__ - INFO - setup_webcam:247 - Initializing enhanced webcam...
2025-07-12 09:03:56,556 - __main__ - INFO - setup_webcam:269 - Camera initialized: Index 0, Resolution 1280x720
2025-07-12 09:03:56,561 - __main__ - INFO - setup_tts:283 - Initializing enhanced text-to-speech...
2025-07-12 09:03:56,778 - __main__ - INFO - setup_thread:591 - Starting enhanced video processing thread...
2025-07-12 09:04:17,303 - __main__ - INFO - cleanup:1419 - Starting application cleanup...
2025-07-12 09:04:17,700 - __main__ - INFO - cleanup:1432 - Webcam released
2025-07-12 09:04:17,701 - __main__ - INFO - cleanup:1437 - Database connection closed
2025-07-12 09:04:17,701 - __main__ - INFO - cleanup:1441 - TTS engine stopped
2025-07-12 09:04:17,768 - __main__ - INFO - cleanup:1446 - Application cleanup completed
2025-07-12 09:19:44,453 - INFO - Application started
2025-07-12 09:19:44,455 - INFO - Setting up SQLite database...
2025-07-12 09:19:44,471 - INFO - Database setup completed successfully
2025-07-12 09:19:44,472 - INFO - Loading YOLOv8 model...
2025-07-12 09:19:45,125 - INFO - Successfully loaded model: yolov8n.pt
2025-07-12 09:19:45,126 - INFO - Initializing webcam...
2025-07-12 09:19:54,464 - INFO - Successfully opened camera at index 0
2025-07-12 09:19:54,554 - INFO - Initializing text-to-speech...
2025-07-12 09:19:57,631 - INFO - Setting up worker threads...
2025-07-12 09:19:57,636 - INFO - Detection started
2025-07-12 09:21:15,324 - INFO - Donor name set to: shiva
2025-07-12 09:21:29,172 - INFO - New bottle detected: #1, Confidence: 0.72
2025-07-12 09:22:23,363 - INFO - New bottle detected: #2, Confidence: 0.60
2025-07-12 09:22:24,988 - INFO - New bottle detected: #3, Confidence: 0.77
2025-07-12 09:22:50,066 - ERROR - Error fetching session history: no such column: donor_name
2025-07-12 09:23:01,842 - INFO - Cleaning up resources...
2025-07-12 09:23:01,858 - ERROR - Session logging error: no such column: donor_name
2025-07-12 09:23:02,301 - INFO - Cleanup completed
2025-07-12 09:23:19,450 - INFO - Application started
2025-07-12 09:23:19,452 - INFO - Setting up SQLite database...
2025-07-12 09:23:19,460 - INFO - Database setup completed successfully
2025-07-12 09:23:19,462 - INFO - Loading YOLOv8 model...
2025-07-12 09:23:20,091 - INFO - Successfully loaded model: yolov8n.pt
2025-07-12 09:23:20,091 - INFO - Initializing webcam...
2025-07-12 09:23:28,325 - INFO - Successfully opened camera at index 0
2025-07-12 09:23:28,400 - INFO - Initializing text-to-speech...
2025-07-12 09:23:30,296 - INFO - Setting up worker threads...
2025-07-12 09:23:30,300 - INFO - Detection started
2025-07-12 09:23:33,475 - ERROR - Error fetching session history: no such column: donor_name
2025-07-12 09:24:03,698 - ERROR - Error fetching session history: no such column: donor_name
2025-07-12 09:24:15,048 - ERROR - Error fetching session history: no such column: donor_name
2025-07-12 09:25:39,763 - ERROR - Error showing history: bad window path name ".!toplevel3.!notebook"
2025-07-12 09:25:45,765 - INFO - Cleaning up resources...
2025-07-12 09:25:46,252 - INFO - Cleanup completed
2025-07-12 09:31:34,726 - INFO - Application started
2025-07-12 09:31:34,728 - INFO - Setting up SQLite database...
2025-07-12 09:31:34,741 - INFO - Database setup completed successfully
2025-07-12 09:31:34,741 - INFO - Loading YOLOv8 model...
2025-07-12 09:31:35,242 - INFO - Successfully loaded model: yolov8n.pt
2025-07-12 09:31:35,242 - INFO - Initializing webcam...
2025-07-12 09:31:43,729 - INFO - Successfully opened camera at index 0
2025-07-12 09:31:43,831 - INFO - Initializing text-to-speech...
2025-07-12 09:31:46,917 - INFO - Setting up worker threads...
2025-07-12 09:31:46,928 - INFO - Detection started
2025-07-12 09:31:59,612 - ERROR - Error fetching session history: no such column: donor_name
2025-07-12 09:32:30,001 - INFO - Cleaning up resources...
2025-07-12 09:32:30,646 - INFO - Cleanup completed
2025-07-12 09:35:07,143 - INFO - Application started at 09:33 AM IST, July 12, 2025
2025-07-12 09:35:07,145 - INFO - Setting up SQLite database...
2025-07-12 09:35:07,158 - INFO - Database setup completed successfully
2025-07-12 09:35:07,159 - INFO - Loading YOLOv8 model...
2025-07-12 09:35:07,782 - INFO - Successfully loaded model: yolov8n.pt
2025-07-12 09:35:07,783 - INFO - Initializing webcam...
2025-07-12 09:35:16,553 - INFO - Successfully opened camera at index 0
2025-07-12 09:35:16,606 - INFO - Initializing text-to-speech...
2025-07-12 09:35:19,022 - INFO - Setting up worker threads...
2025-07-12 09:35:19,028 - INFO - Detection started
2025-07-12 09:35:28,533 - ERROR - Error fetching session history: no such column: donor_name
2025-07-12 09:38:04,279 - INFO - Cleaning up resources...
2025-07-12 09:38:04,737 - INFO - Cleanup completed
2025-07-12 10:00:44,080 - INFO - Application started at 09:33 AM IST, July 12, 2025
2025-07-12 10:00:44,081 - INFO - Setting up SQLite database...
2025-07-12 10:00:44,102 - INFO - Database setup completed successfully
2025-07-12 10:00:44,102 - INFO - Loading YOLOv8 model...
2025-07-12 10:00:44,309 - INFO - Successfully loaded model: yolov8n.pt
2025-07-12 10:00:44,309 - INFO - Initializing webcam...
2025-07-12 10:00:47,596 - INFO - Successfully opened camera at index 0
2025-07-12 10:00:47,610 - INFO - Initializing text-to-speech...
2025-07-12 10:00:49,073 - INFO - Setting up worker threads...
2025-07-12 10:00:49,075 - INFO - Detection started
2025-07-12 10:01:04,531 - INFO - Donor name set to: hari
2025-07-12 10:01:32,601 - INFO - New bottle detected: #1, Confidence: 0.72
2025-07-12 10:01:45,438 - INFO - New bottle detected: #2, Confidence: 0.64
2025-07-12 10:02:09,626 - INFO - New bottle detected: #3, Confidence: 0.50
2025-07-12 10:03:34,924 - INFO - Application started at 09:33 AM IST, July 12, 2025
2025-07-12 10:03:34,925 - INFO - Setting up SQLite database...
2025-07-12 10:03:34,928 - INFO - Database setup completed successfully
2025-07-12 10:03:34,928 - INFO - Loading YOLOv8 model...
2025-07-12 10:03:35,034 - INFO - Successfully loaded model: yolov8n.pt
2025-07-12 10:03:35,034 - INFO - Initializing webcam...
2025-07-12 10:03:37,846 - INFO - Successfully opened camera at index 0
2025-07-12 10:03:37,855 - INFO - Initializing text-to-speech...
2025-07-12 10:03:38,702 - INFO - Setting up worker threads...
2025-07-12 10:03:38,704 - INFO - Detection started
2025-07-12 10:03:51,940 - INFO - New bottle detected: #1, Confidence: 0.58
2025-07-12 10:03:59,746 - INFO - New bottle detected: #2, Confidence: 0.56
2025-07-12 10:04:21,553 - INFO - New bottle detected: #3, Confidence: 0.65
2025-07-12 10:04:43,397 - INFO - Cleaning up resources...
2025-07-12 10:04:43,903 - INFO - Cleanup completed
2025-07-12 10:04:50,374 - INFO - Application started at 09:33 AM IST, July 12, 2025
2025-07-12 10:04:50,374 - INFO - Setting up SQLite database...
2025-07-12 10:04:50,376 - INFO - Database setup completed successfully
2025-07-12 10:04:50,376 - INFO - Loading YOLOv8 model...
2025-07-12 10:04:50,501 - INFO - Successfully loaded model: yolov8n.pt
2025-07-12 10:04:50,501 - INFO - Initializing webcam...
2025-07-12 10:04:53,333 - INFO - Successfully opened camera at index 0
2025-07-12 10:04:53,345 - INFO - Initializing text-to-speech...
2025-07-12 10:04:54,141 - INFO - Setting up worker threads...
2025-07-12 10:04:54,143 - INFO - Detection started
2025-07-12 10:05:32,862 - INFO - Donor name set to: ravi
2025-07-12 10:06:10,193 - INFO - Settings updated
2025-07-12 10:06:19,289 - INFO - Settings updated
2025-07-12 10:06:21,534 - INFO - New bottle detected: #1, Confidence: 0.68
2025-07-12 10:06:22,099 - INFO - New bottle detected: #2, Confidence: 0.89
2025-07-12 10:06:22,214 - INFO - New bottle detected: #3, Confidence: 0.55
2025-07-12 10:06:22,432 - INFO - New bottle detected: #4, Confidence: 0.64
2025-07-12 10:06:22,539 - INFO - New bottle detected: #5, Confidence: 0.58
2025-07-12 10:06:27,218 - INFO - ROI adjusted to: (220, 155)
2025-07-12 10:06:27,785 - INFO - ROI adjusted to: (220, 145)
2025-07-12 10:06:27,940 - INFO - ROI adjusted to: (220, 135)
2025-07-12 10:06:28,118 - INFO - ROI adjusted to: (220, 125)
2025-07-12 10:06:28,338 - INFO - ROI adjusted to: (220, 115)
2025-07-12 10:06:30,299 - INFO - ROI adjusted to: (210, 115)
2025-07-12 10:06:38,327 - INFO - New bottle detected: #6, Confidence: 0.55
2025-07-12 10:06:38,437 - INFO - New bottle detected: #7, Confidence: 0.62
2025-07-12 10:06:38,567 - INFO - New bottle detected: #8, Confidence: 0.58
2025-07-12 10:07:07,609 - INFO - Settings updated
2025-07-12 10:07:30,229 - INFO - New bottle detected: #9, Confidence: 0.80
2025-07-12 10:07:30,435 - INFO - New bottle detected: #10, Confidence: 0.68
2025-07-12 10:07:30,783 - INFO - New bottle detected: #11, Confidence: 0.52
2025-07-12 10:07:31,490 - INFO - New bottle detected: #12, Confidence: 0.60
2025-07-12 10:07:42,992 - INFO - Settings updated
2025-07-12 10:07:46,211 - INFO - New bottle detected: #13, Confidence: 0.89
2025-07-12 10:07:46,931 - INFO - New bottle detected: #14, Confidence: 0.85
2025-07-12 10:08:30,119 - INFO - Cleaning up resources...
2025-07-12 10:08:30,544 - INFO - Cleanup completed
2025-07-12 10:08:38,712 - INFO - Application started at 09:33 AM IST, July 12, 2025
2025-07-12 10:08:38,713 - INFO - Setting up SQLite database...
2025-07-12 10:08:38,715 - INFO - Database setup completed successfully
2025-07-12 10:08:38,715 - INFO - Loading YOLOv8 model...
2025-07-12 10:08:38,828 - INFO - Successfully loaded model: yolov8n.pt
2025-07-12 10:08:38,829 - INFO - Initializing webcam...
2025-07-12 10:08:41,719 - INFO - Successfully opened camera at index 0
2025-07-12 10:08:41,733 - INFO - Initializing text-to-speech...
2025-07-12 10:08:42,552 - INFO - Setting up worker threads...
2025-07-12 10:08:42,553 - INFO - Detection started
2025-07-12 10:09:10,911 - INFO - Cleaning up resources...
2025-07-12 10:09:11,288 - INFO - Cleanup completed
2025-07-12 10:09:30,285 - INFO - Application started at 09:33 AM IST, July 12, 2025
2025-07-12 10:09:30,286 - INFO - Setting up SQLite database...
2025-07-12 10:09:30,287 - INFO - Database setup completed successfully
2025-07-12 10:09:30,287 - INFO - Loading YOLOv8 model...
2025-07-12 10:09:30,398 - INFO - Successfully loaded model: yolov8n.pt
2025-07-12 10:09:30,399 - INFO - Initializing webcam...
2025-07-12 10:09:33,236 - INFO - Successfully opened camera at index 0
2025-07-12 10:09:33,251 - INFO - Initializing text-to-speech...
2025-07-12 10:09:34,101 - INFO - Setting up worker threads...
2025-07-12 10:09:34,103 - INFO - Detection started
2025-07-12 10:10:07,912 - INFO - New bottle detected: #1, Confidence: 0.61
2025-07-12 10:10:43,490 - INFO - Settings updated
2025-07-12 10:10:45,857 - INFO - New bottle detected: #2, Confidence: 0.58
2025-07-12 10:10:46,742 - INFO - New bottle detected: #3, Confidence: 0.70
2025-07-12 10:10:46,866 - INFO - New bottle detected: #4, Confidence: 0.74
2025-07-12 10:10:47,315 - INFO - New bottle detected: #5, Confidence: 0.74
2025-07-12 10:10:47,425 - INFO - New bottle detected: #6, Confidence: 0.88
2025-07-12 10:10:47,649 - INFO - New bottle detected: #7, Confidence: 0.53
2025-07-12 10:11:47,110 - INFO - Cleaning up resources...
2025-07-12 10:11:47,552 - INFO - Cleanup completed
2025-07-12 10:11:54,931 - INFO - Application started at 09:33 AM IST, July 12, 2025
2025-07-12 10:11:54,931 - INFO - Setting up SQLite database...
2025-07-12 10:11:54,935 - INFO - Database setup completed successfully
2025-07-12 10:11:54,935 - INFO - Loading YOLOv8 model...
2025-07-12 10:11:55,167 - INFO - Successfully loaded model: yolov8n.pt
2025-07-12 10:11:55,167 - INFO - Initializing webcam...
2025-07-12 10:11:58,541 - INFO - Successfully opened camera at index 0
2025-07-12 10:11:58,562 - INFO - Initializing text-to-speech...
2025-07-12 10:11:59,497 - INFO - Setting up worker threads...
2025-07-12 10:11:59,499 - INFO - Detection started
2025-07-12 10:12:22,524 - INFO - New bottle detected: #1, Confidence: 0.54
2025-07-12 10:13:44,103 - INFO - Settings updated
2025-07-12 10:13:45,589 - INFO - New bottle detected: #2, Confidence: 0.69
2025-07-12 10:14:01,012 - INFO - Donor name set to: shiva
2025-07-12 10:14:15,949 - INFO - New bottle detected: #3, Confidence: 0.51
2025-07-12 10:14:26,814 - INFO - Cleaning up resources...
2025-07-12 10:14:27,233 - INFO - Cleanup completed
2025-07-12 10:14:33,897 - INFO - Application started at 09:33 AM IST, July 12, 2025
2025-07-12 10:14:33,897 - INFO - Setting up SQLite database...
2025-07-12 10:14:33,900 - INFO - Database setup completed successfully
2025-07-12 10:14:33,900 - INFO - Loading YOLOv8 model...
2025-07-12 10:14:34,044 - INFO - Successfully loaded model: yolov8n.pt
2025-07-12 10:14:34,044 - INFO - Initializing webcam...
2025-07-12 10:14:37,281 - INFO - Successfully opened camera at index 0
2025-07-12 10:14:37,296 - INFO - Initializing text-to-speech...
2025-07-12 10:14:38,046 - INFO - Setting up worker threads...
2025-07-12 10:14:38,047 - INFO - Detection started
2025-07-12 10:17:49,871 - INFO - Cleaning up resources...
2025-07-12 10:17:50,275 - INFO - Cleanup completed
2025-07-12 10:22:17,636 - INFO - Application started at 10:20 AM IST, July 12, 2025
2025-07-12 10:22:17,637 - INFO - Setting up SQLite database...
2025-07-12 10:22:17,642 - INFO - Database setup completed successfully
2025-07-12 10:22:17,643 - INFO - Loading YOLOv8 model...
2025-07-12 10:22:17,802 - INFO - Successfully loaded model: yolov8n.pt
2025-07-12 10:22:17,803 - INFO - Initializing webcam...
2025-07-12 10:22:20,799 - INFO - Successfully opened camera at index 0
2025-07-12 10:22:20,816 - INFO - Initializing text-to-speech...
2025-07-12 10:22:21,860 - INFO - Setting up worker threads...
2025-07-12 10:22:21,862 - INFO - Detection started
2025-07-12 10:22:45,740 - INFO - New bottle detected: #1, Confidence: 0.51
2025-07-12 10:22:46,322 - INFO - New bottle detected: #2, Confidence: 0.53
2025-07-12 10:23:03,939 - INFO - New bottle detected: #3, Confidence: 0.68
2025-07-12 10:23:13,147 - INFO - New bottle detected: #4, Confidence: 0.57
2025-07-12 10:23:13,322 - INFO - New bottle detected: #5, Confidence: 0.53
2025-07-12 10:23:50,607 - INFO - Donor name set to: Pandu
2025-07-12 10:24:03,390 - INFO - Cleaning up resources...
2025-07-12 10:24:03,844 - INFO - Cleanup completed
2025-07-12 10:24:09,850 - INFO - Application started at 10:20 AM IST, July 12, 2025
2025-07-12 10:24:09,850 - INFO - Setting up SQLite database...
2025-07-12 10:24:09,852 - INFO - Database setup completed successfully
2025-07-12 10:24:09,853 - INFO - Loading YOLOv8 model...
2025-07-12 10:24:09,954 - INFO - Successfully loaded model: yolov8n.pt
2025-07-12 10:24:09,954 - INFO - Initializing webcam...
2025-07-12 10:24:12,833 - INFO - Successfully opened camera at index 0
2025-07-12 10:24:12,848 - INFO - Initializing text-to-speech...
2025-07-12 10:24:13,666 - INFO - Setting up worker threads...
2025-07-12 10:24:13,667 - INFO - Detection started
2025-07-12 10:30:34,235 - INFO - Cleaning up resources...
2025-07-12 10:30:34,670 - INFO - Cleanup completed
2025-07-12 10:32:27,340 - INFO - Application started at 10:30 AM IST, July 12, 2025
2025-07-12 10:32:27,341 - INFO - Setting up SQLite database...
2025-07-12 10:32:27,342 - INFO - Database setup completed successfully
2025-07-12 10:32:27,342 - INFO - Loading YOLOv8 model...
2025-07-12 10:32:27,478 - INFO - Successfully loaded model: yolov8n.pt
2025-07-12 10:32:27,478 - INFO - Initializing webcam...
2025-07-12 10:32:30,157 - INFO - Successfully opened camera at index 0
2025-07-12 10:32:30,169 - INFO - Initializing text-to-speech...
2025-07-12 10:32:31,227 - INFO - Setting up worker threads...
2025-07-12 10:32:31,229 - INFO - Detection started
2025-07-12 10:34:03,478 - INFO - Cleaning up resources...
2025-07-12 10:34:03,892 - INFO - Cleanup completed
2025-07-12 10:34:45,924 - INFO - Application started
2025-07-12 10:34:45,925 - INFO - Setting up new SQLite database...
2025-07-12 10:34:45,926 - INFO - New database setup completed successfully
2025-07-12 10:34:45,926 - INFO - Loading YOLOv8 model...
2025-07-12 10:34:46,029 - INFO - Successfully loaded model: yolov8n.pt
2025-07-12 10:34:46,030 - INFO - Initializing webcam...
2025-07-12 10:34:48,744 - INFO - Successfully opened camera at index 0
2025-07-12 10:34:48,763 - INFO - Initializing text-to-speech...
2025-07-12 10:34:49,555 - INFO - Setting up worker threads...
2025-07-12 10:34:49,556 - INFO - Detection started
2025-07-12 10:35:13,452 - INFO - New bottle detected: #1, Confidence: 0.54
2025-07-12 10:35:37,298 - INFO - New bottle detected: #2, Confidence: 0.56
2025-07-12 10:35:48,278 - INFO - Cleaning up resources...
2025-07-12 10:35:48,693 - INFO - Cleanup completed
2025-07-12 10:35:53,096 - INFO - Application started
2025-07-12 10:35:53,096 - INFO - Setting up new SQLite database...
2025-07-12 10:35:53,099 - INFO - New database setup completed successfully
2025-07-12 10:35:53,099 - INFO - Loading YOLOv8 model...
2025-07-12 10:35:53,196 - INFO - Successfully loaded model: yolov8n.pt
2025-07-12 10:35:53,196 - INFO - Initializing webcam...
2025-07-12 10:35:55,794 - INFO - Successfully opened camera at index 0
2025-07-12 10:35:55,808 - INFO - Initializing text-to-speech...
2025-07-12 10:35:56,666 - INFO - Setting up worker threads...
2025-07-12 10:35:56,667 - INFO - Detection started
2025-07-12 10:36:14,618 - INFO - Cleaning up resources...
2025-07-12 10:36:15,014 - INFO - Cleanup completed
2025-07-12 10:36:20,089 - INFO - Application started
2025-07-12 10:36:20,089 - INFO - Setting up new SQLite database...
2025-07-12 10:36:20,090 - INFO - New database setup completed successfully
2025-07-12 10:36:20,090 - INFO - Loading YOLOv8 model...
2025-07-12 10:36:20,183 - INFO - Successfully loaded model: yolov8n.pt
2025-07-12 10:36:20,183 - INFO - Initializing webcam...
2025-07-12 10:36:53,678 - INFO - Application started at 10:30 AM IST, July 12, 2025
2025-07-12 10:36:53,679 - INFO - Setting up SQLite database...
2025-07-12 10:36:53,717 - INFO - Database setup completed successfully
2025-07-12 10:36:53,718 - INFO - Loading YOLOv8 model...
2025-07-12 10:36:53,832 - INFO - Successfully loaded model: yolov8n.pt
2025-07-12 10:36:53,832 - INFO - Initializing webcam...
2025-07-12 10:36:56,497 - INFO - Successfully opened camera at index 0
2025-07-12 10:36:56,507 - INFO - Initializing text-to-speech...
2025-07-12 10:36:57,218 - INFO - Setting up worker threads...
2025-07-12 10:36:57,219 - INFO - Detection started
2025-07-12 10:37:29,696 - INFO - Settings updated
2025-07-12 10:37:30,582 - INFO - New bottle detected: #1, Confidence: 0.78
2025-07-12 10:37:32,050 - INFO - New bottle detected: #2, Confidence: 0.59
2025-07-12 10:37:49,578 - INFO - New bottle detected: #3, Confidence: 0.70
2025-07-12 10:38:06,125 - INFO - New bottle detected: #4, Confidence: 0.58
2025-07-12 10:38:06,354 - INFO - New bottle detected: #5, Confidence: 0.54
2025-07-12 10:38:07,056 - INFO - New bottle detected: #6, Confidence: 0.52
2025-07-12 10:38:23,945 - INFO - Donor name set to: hari
2025-07-12 10:38:37,665 - INFO - New bottle detected: #7, Confidence: 0.53
2025-07-12 10:39:31,603 - INFO - New bottle detected: #8, Confidence: 0.51
2025-07-12 10:39:43,312 - INFO - Donor name set to: hari
2025-07-12 10:39:48,829 - INFO - Cleaning up resources...
2025-07-12 10:39:49,289 - INFO - Cleanup completed
2025-07-12 10:39:55,441 - INFO - Application started at 10:30 AM IST, July 12, 2025
2025-07-12 10:39:55,443 - INFO - Setting up SQLite database...
2025-07-12 10:39:55,446 - INFO - Database setup completed successfully
2025-07-12 10:39:55,446 - INFO - Loading YOLOv8 model...
2025-07-12 10:39:55,604 - INFO - Successfully loaded model: yolov8n.pt
2025-07-12 10:39:55,604 - INFO - Initializing webcam...
2025-07-12 10:39:58,546 - INFO - Successfully opened camera at index 0
2025-07-12 10:39:58,558 - INFO - Initializing text-to-speech...
2025-07-12 10:39:59,709 - INFO - Setting up worker threads...
2025-07-12 10:39:59,710 - INFO - Detection started
2025-07-12 10:40:09,510 - INFO - Donor name set to: shiva
2025-07-12 10:40:14,377 - INFO - New bottle detected: #1, Confidence: 0.70
2025-07-12 10:40:29,554 - INFO - New bottle detected: #2, Confidence: 0.51
2025-07-12 10:40:36,645 - INFO - Donor name set to: shiva
2025-07-12 10:40:41,487 - INFO - Cleaning up resources...
2025-07-12 10:40:41,909 - INFO - Cleanup completed
2025-07-12 10:40:49,137 - INFO - Application started at 10:30 AM IST, July 12, 2025
2025-07-12 10:40:49,137 - INFO - Setting up SQLite database...
2025-07-12 10:40:49,146 - INFO - Database setup completed successfully
2025-07-12 10:40:49,147 - INFO - Loading YOLOv8 model...
2025-07-12 10:40:49,248 - INFO - Successfully loaded model: yolov8n.pt
2025-07-12 10:40:49,248 - INFO - Initializing webcam...
2025-07-12 10:40:52,019 - INFO - Successfully opened camera at index 0
2025-07-12 10:40:52,034 - INFO - Initializing text-to-speech...
2025-07-12 10:40:52,873 - INFO - Setting up worker threads...
2025-07-12 10:40:52,874 - INFO - Detection started
2025-07-12 10:40:59,424 - INFO - Donor name set to: Ram
2025-07-12 10:41:02,859 - INFO - New bottle detected: #1, Confidence: 0.63
2025-07-12 10:41:11,776 - INFO - New bottle detected: #2, Confidence: 0.55
2025-07-12 10:42:01,688 - INFO - Settings updated
2025-07-12 10:42:04,166 - INFO - New bottle detected: #3, Confidence: 0.51
2025-07-12 10:42:04,276 - INFO - New bottle detected: #4, Confidence: 0.57
2025-07-12 10:42:19,436 - INFO - New bottle detected: #5, Confidence: 0.52
2025-07-12 10:42:28,704 - INFO - New bottle detected: #6, Confidence: 0.50
2025-07-12 10:42:29,027 - INFO - New bottle detected: #7, Confidence: 0.52
2025-07-12 10:42:40,561 - INFO - Donor name set to: Ram
2025-07-12 10:42:49,359 - INFO - Cleaning up resources...
2025-07-12 10:42:49,759 - INFO - Cleanup completed
2025-07-12 10:42:57,055 - INFO - Application started at 10:30 AM IST, July 12, 2025
2025-07-12 10:42:57,056 - INFO - Setting up SQLite database...
2025-07-12 10:42:57,058 - INFO - Database setup completed successfully
2025-07-12 10:42:57,059 - INFO - Loading YOLOv8 model...
2025-07-12 10:42:57,168 - INFO - Successfully loaded model: yolov8n.pt
2025-07-12 10:42:57,168 - INFO - Initializing webcam...
2025-07-12 10:43:00,104 - INFO - Successfully opened camera at index 0
2025-07-12 10:43:00,120 - INFO - Initializing text-to-speech...
2025-07-12 10:43:00,971 - INFO - Setting up worker threads...
2025-07-12 10:43:00,972 - INFO - Detection started
2025-07-12 10:47:59,688 - INFO - Cleaning up resources...
2025-07-12 10:48:00,075 - INFO - Cleanup completed
2025-07-12 10:51:49,054 - INFO - Application started at 10:30 AM IST, July 12, 2025
2025-07-12 10:51:49,055 - INFO - Setting up SQLite database...
2025-07-12 10:51:49,061 - INFO - Database setup completed successfully
2025-07-12 10:51:49,061 - INFO - Loading YOLOv8 model...
2025-07-12 10:51:49,223 - INFO - Successfully loaded model: yolov8n.pt
2025-07-12 10:51:49,224 - INFO - Initializing webcam...
2025-07-12 10:51:52,219 - INFO - Successfully opened camera at index 0
2025-07-12 10:51:52,235 - INFO - Initializing text-to-speech...
2025-07-12 10:51:53,343 - INFO - Setting up worker threads...
2025-07-12 10:51:53,344 - INFO - Detection started
2025-07-12 10:52:52,771 - INFO - Cleaning up resources...
2025-07-12 10:52:53,174 - INFO - Cleanup completed
2025-07-12 10:57:16,642 - INFO - Application started at 10:30 AM IST, July 12, 2025
2025-07-12 10:57:16,642 - INFO - Setting up SQLite database...
2025-07-12 10:57:16,643 - INFO - Database setup completed successfully
2025-07-12 10:57:16,644 - INFO - Loading YOLOv8 model...
2025-07-12 10:57:16,764 - INFO - Successfully loaded model: yolov8n.pt
2025-07-12 10:57:16,764 - INFO - Initializing webcam...
2025-07-12 10:57:22,551 - INFO - Application started at 10:30 AM IST, July 12, 2025
2025-07-12 10:57:22,551 - INFO - Setting up SQLite database...
2025-07-12 10:57:22,552 - INFO - Database setup completed successfully
2025-07-12 10:57:22,552 - INFO - Loading YOLOv8 model...
2025-07-12 10:57:22,654 - INFO - Successfully loaded model: yolov8n.pt
2025-07-12 10:57:22,654 - INFO - Initializing webcam...
2025-07-12 10:57:25,324 - INFO - Successfully opened camera at index 0
2025-07-12 10:57:25,337 - INFO - Initializing text-to-speech...
2025-07-12 10:57:26,499 - INFO - Setting up worker threads...
2025-07-12 10:57:26,500 - INFO - Detection started
2025-07-12 10:57:44,166 - INFO - Cleaning up resources...
2025-07-12 10:57:44,581 - INFO - Cleanup completed
2025-07-12 10:58:04,137 - INFO - Application started at 10:30 AM IST, July 12, 2025
2025-07-12 10:58:04,137 - INFO - Setting up SQLite database...
2025-07-12 10:58:04,138 - INFO - Database setup completed successfully
2025-07-12 10:58:04,139 - INFO - Loading YOLOv8 model...
2025-07-12 10:58:04,227 - INFO - Successfully loaded model: yolov8n.pt
2025-07-12 10:58:04,228 - INFO - Initializing webcam...
2025-07-12 10:58:06,870 - INFO - Successfully opened camera at index 0
2025-07-12 10:58:06,884 - INFO - Initializing text-to-speech...
2025-07-12 10:58:07,613 - INFO - Setting up worker threads...
2025-07-12 10:58:07,614 - INFO - Detection started
2025-07-12 10:58:15,324 - INFO - Cleaning up resources...
2025-07-12 10:58:15,641 - INFO - Cleanup completed
2025-07-12 10:58:40,568 - INFO - Application started at 10:54 AM IST, July 12, 2025
2025-07-12 10:58:40,568 - INFO - Setting up SQLite database...
2025-07-12 10:58:40,568 - INFO - Database setup completed successfully
2025-07-12 10:58:40,569 - INFO - Loading YOLOv8 model...
2025-07-12 10:58:40,653 - INFO - Successfully loaded model: yolov8n.pt
2025-07-12 10:58:40,653 - INFO - Initializing webcam...
2025-07-12 10:58:43,220 - INFO - Successfully opened camera at index 0
2025-07-12 10:58:43,232 - INFO - Initializing text-to-speech...
2025-07-12 10:58:44,113 - INFO - Setting up worker threads...
2025-07-12 10:58:44,114 - INFO - Detection started
2025-07-12 10:59:06,358 - INFO - Cleaning up resources...
2025-07-12 10:59:06,729 - INFO - Cleanup completed
2025-07-12 11:11:29,396 - INFO - Application started at 10:54 AM IST, July 12, 2025
2025-07-12 11:11:29,397 - INFO - Setting up SQLite database...
2025-07-12 11:11:29,402 - INFO - Database setup completed successfully
2025-07-12 11:11:29,402 - ERROR - Database setup error: 'BottleDetectionApp' object has no attribute 'get_current_session_id'
2025-07-12 11:18:37,362 - INFO - Application started at 11:14 AM IST, July 12, 2025
2025-07-12 11:18:37,362 - INFO - Setting up SQLite database...
2025-07-12 11:18:37,363 - INFO - Database setup completed successfully
2025-07-12 11:18:37,364 - INFO - Loading YOLOv8 model...
2025-07-12 11:18:37,530 - INFO - Successfully loaded model: yolov8n.pt
2025-07-12 11:18:37,530 - INFO - Initializing webcam...
2025-07-12 11:18:40,553 - INFO - Successfully opened camera at index 0
2025-07-12 11:18:40,571 - INFO - Initializing text-to-speech...
2025-07-12 11:18:41,965 - INFO - Setting up worker threads...
2025-07-12 11:18:41,966 - INFO - Detection started
2025-07-12 11:20:57,454 - INFO - Settings updated
2025-07-12 11:21:37,568 - INFO - Cleaning up resources...
2025-07-12 11:21:37,974 - INFO - Cleanup completed
2025-07-12 11:24:34,374 - INFO - Application started at 11:14 AM IST, July 12, 2025
2025-07-12 11:24:34,375 - INFO - Setting up SQLite database...
2025-07-12 11:24:34,376 - INFO - Database setup completed successfully
2025-07-12 11:24:34,376 - INFO - Loading YOLOv8 model...
2025-07-12 11:24:34,500 - INFO - Successfully loaded model: yolov8n.pt
2025-07-12 11:24:34,501 - INFO - Initializing webcam...
2025-07-12 11:24:37,272 - INFO - Successfully opened camera at index 0
2025-07-12 11:24:37,289 - INFO - Initializing text-to-speech...
2025-07-12 11:24:38,272 - INFO - Setting up worker threads...
2025-07-12 11:24:38,273 - INFO - Detection started
2025-07-12 11:26:33,078 - INFO - Settings updated
2025-07-12 11:27:06,808 - INFO - Settings updated
2025-07-12 11:27:12,646 - INFO - New bottle detected: #1, Confidence: 0.56
2025-07-12 11:27:13,568 - INFO - New bottle detected: #2, Confidence: 0.58
2025-07-12 11:27:25,734 - INFO - Settings updated
2025-07-12 11:27:30,886 - INFO - New bottle detected: #3, Confidence: 0.60
2025-07-12 11:27:45,188 - INFO - New bottle detected: #4, Confidence: 0.55
2025-07-12 11:28:15,735 - INFO - Cleaning up resources...
2025-07-12 11:28:16,141 - INFO - Cleanup completed
2025-07-12 11:28:59,526 - INFO - Application started at 11:14 AM IST, July 12, 2025
2025-07-12 11:28:59,527 - INFO - Setting up SQLite database...
2025-07-12 11:28:59,529 - INFO - Database setup completed successfully
2025-07-12 11:28:59,530 - INFO - Loading YOLOv8 model...
2025-07-12 11:28:59,626 - INFO - Successfully loaded model: yolov8n.pt
2025-07-12 11:28:59,627 - INFO - Initializing webcam...
2025-07-12 11:29:02,300 - INFO - Successfully opened camera at index 0
2025-07-12 11:29:02,316 - INFO - Initializing text-to-speech...
2025-07-12 11:29:03,091 - INFO - Setting up worker threads...
2025-07-12 11:29:03,092 - INFO - Detection started
2025-07-12 11:34:51,690 - INFO - Cleaning up resources...
2025-07-12 11:34:52,071 - INFO - Cleanup completed
2025-07-12 11:35:16,054 - INFO - Application started at 11:31 AM IST, July 12, 2025
2025-07-12 11:35:16,054 - INFO - Setting up SQLite database...
2025-07-12 11:35:16,055 - INFO - Database setup completed successfully
2025-07-12 11:35:16,055 - INFO - Loading YOLOv8 model...
2025-07-12 11:35:16,146 - INFO - Successfully loaded model: yolov8n.pt
2025-07-12 11:35:16,146 - INFO - Initializing webcam...
2025-07-12 11:35:18,735 - INFO - Successfully opened camera at index 0
2025-07-12 11:35:18,747 - INFO - Initializing text-to-speech...
2025-07-12 11:35:19,704 - INFO - Setting up worker threads...
2025-07-12 11:35:19,705 - INFO - Detection started
2025-07-12 11:35:56,155 - INFO - Cleaning up resources...
2025-07-12 11:35:56,539 - INFO - Cleanup completed
2025-07-12 11:36:01,274 - INFO - Application started at 11:31 AM IST, July 12, 2025
2025-07-12 11:36:01,274 - INFO - Setting up SQLite database...
2025-07-12 11:36:01,275 - INFO - Database setup completed successfully
2025-07-12 11:36:01,275 - INFO - Loading YOLOv8 model...
2025-07-12 11:36:01,367 - INFO - Successfully loaded model: yolov8n.pt
2025-07-12 11:36:01,367 - INFO - Initializing webcam...
2025-07-12 11:36:04,031 - INFO - Successfully opened camera at index 0
2025-07-12 11:36:04,047 - INFO - Initializing text-to-speech...
2025-07-12 11:36:04,831 - INFO - Setting up worker threads...
2025-07-12 11:36:04,832 - INFO - Detection started
2025-07-12 11:40:25,981 - INFO - Cleaning up resources...
2025-07-12 11:40:26,384 - INFO - Cleanup completed
2025-07-12 11:41:17,814 - INFO - Application started at 11:39 AM IST, July 12, 2025
2025-07-12 11:41:17,814 - INFO - Setting up SQLite database...
2025-07-12 11:41:17,819 - INFO - Database setup completed successfully
2025-07-12 11:41:17,820 - INFO - Loading YOLOv8 model...
2025-07-12 11:41:17,992 - INFO - Successfully loaded model: yolov8n.pt
2025-07-12 11:41:17,992 - INFO - Initializing webcam...
2025-07-12 11:41:21,113 - INFO - Successfully opened camera at index 0
2025-07-12 11:41:21,136 - INFO - Initializing text-to-speech...
2025-07-12 11:41:35,091 - INFO - Application started at 11:39 AM IST, July 12, 2025
2025-07-12 11:41:35,092 - INFO - Setting up SQLite database...
2025-07-12 11:41:35,093 - INFO - Database setup completed successfully
2025-07-12 11:41:35,094 - INFO - Loading YOLOv8 model...
2025-07-12 11:41:35,190 - INFO - Successfully loaded model: yolov8n.pt
2025-07-12 11:41:35,191 - INFO - Initializing webcam...
2025-07-12 11:41:37,775 - INFO - Successfully opened camera at index 0
2025-07-12 11:41:37,787 - INFO - Initializing text-to-speech...
2025-07-12 11:43:59,390 - INFO - Application started at 11:39 AM IST, July 12, 2025
2025-07-12 11:43:59,391 - INFO - Setting up SQLite database...
2025-07-12 11:43:59,392 - INFO - Database setup completed successfully
2025-07-12 11:43:59,392 - ERROR - Database setup error: 'BottleDetectionApp' object has no attribute 'get_current_session_id'
2025-07-12 11:47:25,227 - INFO - Application started at 11:44 AM IST, July 12, 2025
2025-07-12 11:47:25,227 - INFO - Setting up SQLite database...
2025-07-12 11:47:25,228 - INFO - Database setup completed successfully
2025-07-12 11:47:25,240 - INFO - Loading YOLOv8 model...
2025-07-12 11:47:25,377 - INFO - Successfully loaded model: yolov8n.pt
2025-07-12 11:47:25,378 - INFO - Initializing webcam...
2025-07-12 11:47:28,166 - INFO - Successfully opened camera at index 0
2025-07-12 11:47:28,179 - INFO - Initializing text-to-speech...
2025-07-12 11:47:29,448 - INFO - Setting up worker threads...
2025-07-12 11:47:29,449 - INFO - Detection started
2025-07-12 11:48:00,305 - INFO - Cleaning up resources...
2025-07-12 11:48:00,710 - INFO - Cleanup completed
2025-07-12 11:49:44,511 - INFO - Application started at 11:14 AM IST, July 12, 2025
2025-07-12 11:49:44,511 - INFO - Setting up SQLite database...
2025-07-12 11:49:44,512 - INFO - Database setup completed successfully
2025-07-12 11:49:44,513 - INFO - Loading YOLOv8 model...
2025-07-12 11:49:44,605 - INFO - Successfully loaded model: yolov8n.pt
2025-07-12 11:49:44,605 - INFO - Initializing webcam...
2025-07-12 11:49:47,351 - INFO - Successfully opened camera at index 0
2025-07-12 11:49:47,363 - INFO - Initializing text-to-speech...
2025-07-12 11:49:48,267 - INFO - Setting up worker threads...
2025-07-12 11:49:48,268 - INFO - Detection started
2025-07-12 11:50:02,387 - INFO - Cleaning up resources...
2025-07-12 11:50:02,781 - INFO - Cleanup completed
2025-07-12 11:56:18,642 - INFO - Application started at 11:14 AM IST, July 12, 2025
2025-07-12 11:56:18,642 - INFO - Setting up SQLite database...
2025-07-12 11:56:18,643 - INFO - Database setup completed successfully
2025-07-12 11:56:18,644 - INFO - Loading YOLOv8 model...
2025-07-12 11:56:18,739 - INFO - Successfully loaded model: yolov8n.pt
2025-07-12 11:56:18,740 - INFO - Initializing webcam...
2025-07-12 11:56:21,620 - INFO - Successfully opened camera at index 0
2025-07-12 11:56:21,648 - INFO - Initializing text-to-speech...
2025-07-12 11:56:23,010 - INFO - Setting up worker threads...
2025-07-12 11:56:23,012 - INFO - Detection started
2025-07-12 11:56:39,661 - INFO - Cleaning up resources...
2025-07-12 11:56:40,086 - INFO - Cleanup completed
2025-07-12 11:56:47,369 - INFO - Application started at 11:14 AM IST, July 12, 2025
2025-07-12 11:56:47,369 - INFO - Setting up SQLite database...
2025-07-12 11:56:47,371 - INFO - Database setup completed successfully
2025-07-12 11:56:47,372 - INFO - Loading YOLOv8 model...
2025-07-12 11:56:47,460 - INFO - Successfully loaded model: yolov8n.pt
2025-07-12 11:56:47,461 - INFO - Initializing webcam...
2025-07-12 11:56:50,139 - INFO - Successfully opened camera at index 0
2025-07-12 11:56:50,148 - INFO - Initializing text-to-speech...
2025-07-12 11:56:51,041 - INFO - Setting up worker threads...
2025-07-12 11:56:51,042 - INFO - Detection started
2025-07-12 11:57:00,542 - INFO - Cleaning up resources...
2025-07-12 11:57:00,952 - INFO - Cleanup completed
2025-07-12 12:04:54,986 - INFO - Application started at 11:14 AM IST, July 12, 2025
2025-07-12 12:04:54,986 - INFO - Setting up SQLite database...
2025-07-12 12:04:54,987 - INFO - Database setup completed successfully
2025-07-12 12:04:54,988 - INFO - Loading YOLOv8 model...
2025-07-12 12:04:55,085 - INFO - Successfully loaded model: yolov8n.pt
2025-07-12 12:04:55,085 - INFO - Initializing webcam...
2025-07-12 12:04:57,913 - INFO - Successfully opened camera at index 0
2025-07-12 12:04:57,926 - INFO - Initializing text-to-speech...
2025-07-12 12:04:58,841 - INFO - Setting up worker threads...
2025-07-12 12:04:58,842 - INFO - Detection started
2025-07-12 12:05:53,079 - INFO - Cleaning up resources...
2025-07-12 12:05:53,484 - INFO - Cleanup completed
2025-07-12 12:10:52,391 - INFO - Application started at 11:14 AM IST, July 12, 2025
2025-07-12 12:10:52,391 - INFO - Setting up SQLite database...
2025-07-12 12:10:52,396 - INFO - Database setup completed successfully
2025-07-12 12:10:52,396 - INFO - Loading YOLOv8 model...
2025-07-12 12:10:52,589 - INFO - Successfully loaded model: yolov8n.pt
2025-07-12 12:10:52,589 - INFO - Initializing webcam...
2025-07-12 12:10:55,529 - INFO - Successfully opened camera at index 0
2025-07-12 12:10:55,543 - INFO - Initializing text-to-speech...
2025-07-12 12:10:56,785 - INFO - Setting up worker threads...
2025-07-12 12:10:56,786 - INFO - Detection started
2025-07-12 12:11:17,977 - INFO - Cleaning up resources...
2025-07-12 12:11:18,405 - INFO - Cleanup completed
2025-07-12 12:13:37,714 - INFO - Application started at 11:14 AM IST, July 12, 2025
2025-07-12 12:13:37,715 - INFO - Setting up SQLite database...
2025-07-12 12:13:37,716 - INFO - Database setup completed successfully
2025-07-12 12:13:37,717 - INFO - Loading YOLOv8 model...
2025-07-12 12:13:37,810 - INFO - Successfully loaded model: yolov8n.pt
2025-07-12 12:13:37,810 - INFO - Initializing webcam...
2025-07-12 12:13:40,562 - INFO - Successfully opened camera at index 0
2025-07-12 12:13:40,576 - INFO - Initializing text-to-speech...
2025-07-12 12:13:41,866 - INFO - Setting up worker threads...
2025-07-12 12:13:41,868 - INFO - Detection started
2025-07-12 12:13:46,120 - INFO - Cleaning up resources...
2025-07-12 12:13:46,549 - INFO - Cleanup completed
2025-07-12 12:14:07,854 - INFO - Application started at 11:14 AM IST, July 12, 2025
2025-07-12 12:14:07,855 - INFO - Setting up SQLite database...
2025-07-12 12:14:07,856 - INFO - Database setup completed successfully
2025-07-12 12:14:07,856 - INFO - Loading YOLOv8 model...
2025-07-12 12:14:07,947 - INFO - Successfully loaded model: yolov8n.pt
2025-07-12 12:14:07,947 - INFO - Initializing webcam...
2025-07-12 12:14:10,553 - INFO - Successfully opened camera at index 0
2025-07-12 12:14:10,564 - INFO - Initializing text-to-speech...
2025-07-12 12:14:11,450 - INFO - Setting up worker threads...
2025-07-12 12:14:11,452 - INFO - Detection started
2025-07-12 12:16:46,036 - INFO - Cleaning up resources...
2025-07-12 12:16:46,433 - INFO - Cleanup completed
2025-07-12 12:27:14,801 - INFO - Application started at 12:24 PM IST, July 12, 2025
2025-07-12 12:27:14,801 - INFO - Setting up SQLite database...
2025-07-12 12:27:14,806 - INFO - Database setup completed successfully
2025-07-12 12:27:14,806 - INFO - Loading YOLOv8 model...
2025-07-12 12:27:14,971 - INFO - Successfully loaded model: yolov8n.pt
2025-07-12 12:27:14,971 - INFO - Initializing webcam...
2025-07-12 12:27:18,088 - INFO - Successfully opened camera at index 0 with resolution 640x480
2025-07-12 12:27:18,107 - INFO - Initializing text-to-speech...
2025-07-12 12:27:19,580 - INFO - Setting up worker threads...
2025-07-12 12:27:19,582 - INFO - Detection started
2025-07-12 12:27:46,754 - INFO - Cleaning up resources...
2025-07-12 12:27:47,169 - INFO - Cleanup completed
2025-07-12 12:36:52,900 - INFO - Application started at 11:14 AM IST, July 12, 2025
2025-07-12 12:36:52,901 - INFO - Setting up SQLite database...
2025-07-12 12:36:52,902 - INFO - Database setup completed successfully
2025-07-12 12:36:52,902 - INFO - Loading YOLOv8 model...
2025-07-12 12:36:52,995 - INFO - Successfully loaded model: yolov8n.pt
2025-07-12 12:36:52,996 - INFO - Initializing webcam...
2025-07-12 12:36:55,730 - INFO - Successfully opened camera at index 0
2025-07-12 12:36:55,741 - INFO - Initializing text-to-speech...
2025-07-12 12:36:56,616 - INFO - Setting up worker threads...
2025-07-12 12:36:56,618 - INFO - Detection started
2025-07-12 12:37:12,817 - INFO - Cleaning up resources...
2025-07-12 12:37:13,233 - INFO - Cleanup completed
2025-07-12 12:37:38,519 - INFO - Application started at 11:14 AM IST, July 12, 2025
2025-07-12 12:37:38,519 - INFO - Setting up SQLite database...
2025-07-12 12:37:38,520 - INFO - Database setup completed successfully
2025-07-12 12:37:38,520 - INFO - Loading YOLOv8 model...
2025-07-12 12:37:38,615 - INFO - Successfully loaded model: yolov8n.pt
2025-07-12 12:37:38,616 - INFO - Initializing webcam...
2025-07-12 12:37:41,258 - INFO - Successfully opened camera at index 0
2025-07-12 12:37:41,270 - INFO - Initializing text-to-speech...
2025-07-12 12:37:42,177 - INFO - Setting up worker threads...
2025-07-12 12:37:42,178 - INFO - Detection started
2025-07-12 12:38:31,739 - INFO - Cleaning up resources...
2025-07-12 12:38:32,120 - INFO - Cleanup completed
2025-07-12 12:38:43,738 - INFO - Application started at 10:54 AM IST, July 12, 2025
2025-07-12 12:38:43,739 - INFO - Setting up SQLite database...
2025-07-12 12:38:43,740 - INFO - Database setup completed successfully
2025-07-12 12:38:43,740 - INFO - Loading YOLOv8 model...
2025-07-12 12:38:43,831 - INFO - Successfully loaded model: yolov8n.pt
2025-07-12 12:38:43,831 - INFO - Initializing webcam...
2025-07-12 12:38:46,566 - INFO - Successfully opened camera at index 0
2025-07-12 12:38:46,577 - INFO - Initializing text-to-speech...
2025-07-12 12:38:47,448 - INFO - Setting up worker threads...
2025-07-12 12:38:47,450 - INFO - Detection started
2025-07-12 12:38:58,617 - INFO - Cleaning up resources...
2025-07-12 12:38:59,022 - INFO - Cleanup completed
2025-07-12 12:39:06,184 - INFO - Application started at 11:14 AM IST, July 12, 2025
2025-07-12 12:39:06,185 - INFO - Setting up SQLite database...
2025-07-12 12:39:06,186 - INFO - Database setup completed successfully
2025-07-12 12:39:06,186 - INFO - Loading YOLOv8 model...
2025-07-12 12:39:06,284 - INFO - Successfully loaded model: yolov8n.pt
2025-07-12 12:39:06,285 - INFO - Initializing webcam...
2025-07-12 12:39:09,088 - INFO - Successfully opened camera at index 0
2025-07-12 12:39:09,101 - INFO - Initializing text-to-speech...
2025-07-12 12:39:10,032 - INFO - Setting up worker threads...
2025-07-12 12:39:10,033 - INFO - Detection started
2025-07-12 12:39:46,518 - INFO - Cleaning up resources...
2025-07-12 12:39:46,928 - INFO - Cleanup completed
2025-07-12 12:41:21,226 - INFO - Application started at 11:14 AM IST, July 12, 2025
2025-07-12 12:41:21,227 - INFO - Setting up SQLite database...
2025-07-12 12:41:21,236 - INFO - Database setup completed successfully
2025-07-12 12:41:21,236 - INFO - Loading YOLOv8 model...
2025-07-12 12:41:21,433 - INFO - Successfully loaded model: yolov8n.pt
2025-07-12 12:41:21,434 - INFO - Initializing webcam...
2025-07-12 12:41:24,581 - INFO - Successfully opened camera at index 0
2025-07-12 12:41:24,600 - INFO - Initializing text-to-speech...
2025-07-12 12:41:25,876 - INFO - Setting up worker threads...
2025-07-12 12:41:25,877 - INFO - Detection started
2025-07-12 12:41:49,645 - INFO - Cleaning up resources...
2025-07-12 12:41:50,066 - INFO - Cleanup completed
2025-07-12 12:42:07,515 - INFO - Application started at 11:14 AM IST, July 12, 2025
2025-07-12 12:42:07,515 - INFO - Setting up SQLite database...
2025-07-12 12:42:07,516 - INFO - Database setup completed successfully
2025-07-12 12:42:07,516 - INFO - Loading YOLOv8 model...
2025-07-12 12:42:07,612 - INFO - Successfully loaded model: yolov8n.pt
2025-07-12 12:42:07,613 - INFO - Initializing webcam...
2025-07-12 12:42:10,302 - INFO - Successfully opened camera at index 0
2025-07-12 12:42:10,316 - INFO - Initializing text-to-speech...
2025-07-12 12:42:11,277 - INFO - Setting up worker threads...
2025-07-12 12:42:11,279 - INFO - Detection started
2025-07-12 12:43:22,670 - INFO - Application started at 11:14 AM IST, July 12, 2025
2025-07-12 12:43:22,670 - INFO - Setting up SQLite database...
2025-07-12 12:43:22,671 - INFO - Database setup completed successfully
2025-07-12 12:43:22,672 - INFO - Loading YOLOv8 model...
2025-07-12 12:43:22,774 - INFO - Successfully loaded model: yolov8n.pt
2025-07-12 12:43:22,774 - INFO - Initializing webcam...
2025-07-12 12:43:25,639 - INFO - Successfully opened camera at index 0
2025-07-12 12:43:25,648 - INFO - Initializing text-to-speech...
2025-07-12 12:44:08,464 - INFO - Application started at 11:14 AM IST, July 12, 2025
2025-07-12 12:44:08,464 - INFO - Setting up SQLite database...
2025-07-12 12:44:08,465 - INFO - Database setup completed successfully
2025-07-12 12:44:08,466 - INFO - Loading YOLOv8 model...
2025-07-12 12:44:08,566 - INFO - Successfully loaded model: yolov8n.pt
2025-07-12 12:44:08,566 - INFO - Initializing webcam...
2025-07-12 12:44:11,379 - INFO - Successfully opened camera at index 0
2025-07-12 12:44:11,391 - INFO - Initializing text-to-speech...
2025-07-12 12:44:12,430 - INFO - Setting up worker threads...
2025-07-12 12:44:12,431 - INFO - Detection started
2025-07-12 12:44:18,522 - INFO - Cleaning up resources...
2025-07-12 12:44:18,882 - INFO - Cleanup completed
2025-07-12 12:44:30,496 - INFO - Application started at 11:14 AM IST, July 12, 2025
2025-07-12 12:44:30,496 - INFO - Setting up SQLite database...
2025-07-12 12:44:30,497 - INFO - Database setup completed successfully
2025-07-12 12:44:30,498 - INFO - Loading YOLOv8 model...
2025-07-12 12:44:30,593 - INFO - Successfully loaded model: yolov8n.pt
2025-07-12 12:44:30,593 - INFO - Initializing webcam...
2025-07-12 12:44:33,343 - INFO - Successfully opened camera at index 0
2025-07-12 12:44:33,358 - INFO - Initializing text-to-speech...
2025-07-12 12:44:34,292 - INFO - Setting up worker threads...
2025-07-12 12:44:34,293 - INFO - Detection started
2025-07-12 12:44:40,126 - INFO - Cleaning up resources...
2025-07-12 12:44:40,513 - INFO - Cleanup completed
2025-07-12 12:44:51,471 - INFO - Application started at 11:14 AM IST, July 12, 2025
2025-07-12 12:44:51,472 - INFO - Setting up SQLite database...
2025-07-12 12:44:51,473 - INFO - Database setup completed successfully
2025-07-12 12:44:51,473 - INFO - Loading YOLOv8 model...
2025-07-12 12:44:51,579 - INFO - Successfully loaded model: yolov8n.pt
2025-07-12 12:44:51,579 - INFO - Initializing webcam...
2025-07-12 12:44:54,306 - INFO - Successfully opened camera at index 0
2025-07-12 12:44:54,315 - INFO - Initializing text-to-speech...
2025-07-12 12:44:55,210 - INFO - Setting up worker threads...
2025-07-12 12:44:55,212 - INFO - Detection started
2025-07-12 12:45:01,518 - INFO - Cleaning up resources...
2025-07-12 12:45:01,927 - INFO - Cleanup completed
2025-07-12 12:45:11,706 - INFO - Application started at 11:14 AM IST, July 12, 2025
2025-07-12 12:45:11,707 - INFO - Setting up SQLite database...
2025-07-12 12:45:11,707 - INFO - Database setup completed successfully
2025-07-12 12:45:11,708 - INFO - Loading YOLOv8 model...
2025-07-12 12:45:11,804 - INFO - Successfully loaded model: yolov8n.pt
2025-07-12 12:45:11,805 - INFO - Initializing webcam...
2025-07-12 12:45:14,554 - INFO - Successfully opened camera at index 0
2025-07-12 12:45:14,570 - INFO - Initializing text-to-speech...
2025-07-12 12:45:15,463 - INFO - Setting up worker threads...
2025-07-12 12:45:15,464 - INFO - Detection started
2025-07-12 12:45:20,746 - INFO - Cleaning up resources...
2025-07-12 12:45:21,146 - INFO - Cleanup completed
2025-07-12 12:45:53,403 - INFO - Application started at 11:14 AM IST, July 12, 2025
2025-07-12 12:45:53,404 - INFO - Setting up SQLite database...
2025-07-12 12:45:53,404 - INFO - Database setup completed successfully
2025-07-12 12:45:53,405 - INFO - Loading YOLOv8 model...
2025-07-12 12:45:53,493 - INFO - Successfully loaded model: yolov8n.pt
2025-07-12 12:45:53,494 - INFO - Initializing webcam...
2025-07-12 12:45:56,319 - INFO - Successfully opened camera at index 0
2025-07-12 12:45:56,331 - INFO - Initializing text-to-speech...
2025-07-12 12:45:57,294 - INFO - Setting up worker threads...
2025-07-12 12:45:57,296 - INFO - Detection started
2025-07-12 12:46:02,829 - INFO - Cleaning up resources...
2025-07-12 12:46:03,211 - INFO - Cleanup completed
2025-07-12 12:46:26,248 - INFO - Application started at 11:14 AM IST, July 12, 2025
2025-07-12 12:46:26,248 - INFO - Setting up SQLite database...
2025-07-12 12:46:26,249 - INFO - Database setup completed successfully
2025-07-12 12:46:26,250 - INFO - Loading YOLOv8 model...
2025-07-12 12:46:26,340 - INFO - Successfully loaded model: yolov8n.pt
2025-07-12 12:46:26,341 - INFO - Initializing webcam...
2025-07-12 12:46:29,031 - INFO - Successfully opened camera at index 0
2025-07-12 12:46:29,044 - INFO - Initializing text-to-speech...
2025-07-12 12:46:30,043 - INFO - Setting up worker threads...
2025-07-12 12:46:30,044 - INFO - Detection started
2025-07-12 12:46:46,121 - INFO - Cleaning up resources...
2025-07-12 12:46:46,518 - INFO - Cleanup completed
2025-07-12 12:47:08,232 - INFO - Application started at 11:14 AM IST, July 12, 2025
2025-07-12 12:47:08,233 - INFO - Setting up SQLite database...
2025-07-12 12:47:08,233 - INFO - Database setup completed successfully
2025-07-12 12:47:08,234 - INFO - Loading YOLOv8 model...
2025-07-12 12:47:08,327 - INFO - Successfully loaded model: yolov8n.pt
2025-07-12 12:47:08,327 - INFO - Initializing webcam...
2025-07-12 12:47:11,024 - INFO - Successfully opened camera at index 0
2025-07-12 12:47:11,035 - INFO - Initializing text-to-speech...
2025-07-12 12:47:11,960 - INFO - Setting up worker threads...
2025-07-12 12:47:11,962 - INFO - Detection started
2025-07-12 12:47:43,008 - INFO - Application started at 11:14 AM IST, July 12, 2025
2025-07-12 12:47:43,009 - INFO - Setting up SQLite database...
2025-07-12 12:47:43,010 - INFO - Database setup completed successfully
2025-07-12 12:47:43,010 - INFO - Loading YOLOv8 model...
2025-07-12 12:47:43,111 - INFO - Successfully loaded model: yolov8n.pt
2025-07-12 12:47:43,112 - INFO - Initializing webcam...
2025-07-12 12:47:45,885 - INFO - Successfully opened camera at index 0
2025-07-12 12:47:45,898 - INFO - Initializing text-to-speech...
2025-07-12 12:47:46,683 - INFO - Setting up worker threads...
2025-07-12 12:47:46,684 - INFO - Detection started
2025-07-12 12:47:50,935 - INFO - Cleaning up resources...
2025-07-12 12:47:51,363 - INFO - Cleanup completed
2025-07-12 12:49:35,274 - INFO - Application started at 11:14 AM IST, July 12, 2025
2025-07-12 12:49:35,275 - INFO - Setting up SQLite database...
2025-07-12 12:49:35,275 - INFO - Database setup completed successfully
2025-07-12 12:49:35,277 - INFO - Loading YOLOv8 model...
2025-07-12 12:49:35,366 - INFO - Successfully loaded model: yolov8n.pt
2025-07-12 12:49:35,366 - INFO - Initializing webcam...
2025-07-12 12:49:38,188 - INFO - Successfully opened camera at index 0
2025-07-12 12:49:38,199 - INFO - Initializing text-to-speech...
2025-07-12 12:49:39,067 - INFO - Setting up worker threads...
2025-07-12 12:49:39,069 - INFO - Detection started
2025-07-12 12:50:25,846 - INFO - Cleaning up resources...
2025-07-12 12:50:26,257 - INFO - Cleanup completed
2025-07-12 12:50:31,130 - INFO - Application started at 11:14 AM IST, July 12, 2025
2025-07-12 12:50:31,130 - INFO - Setting up SQLite database...
2025-07-12 12:50:31,131 - INFO - Database setup completed successfully
2025-07-12 12:50:31,132 - INFO - Loading YOLOv8 model...
2025-07-12 12:50:31,235 - INFO - Successfully loaded model: yolov8n.pt
2025-07-12 12:50:31,235 - INFO - Initializing webcam...
2025-07-12 12:50:34,052 - INFO - Successfully opened camera at index 0
2025-07-12 12:50:34,065 - INFO - Initializing text-to-speech...
2025-07-12 12:50:34,993 - INFO - Setting up worker threads...
2025-07-12 12:50:34,993 - INFO - Detection started
2025-07-12 12:50:59,749 - INFO - Cleaning up resources...
2025-07-12 12:51:00,145 - INFO - Cleanup completed
2025-07-12 12:51:29,541 - INFO - Application started at 11:14 AM IST, July 12, 2025
2025-07-12 12:51:29,543 - INFO - Setting up SQLite database...
2025-07-12 12:51:29,544 - INFO - Database setup completed successfully
2025-07-12 12:51:29,544 - INFO - Loading YOLOv8 model...
2025-07-12 12:51:29,634 - INFO - Successfully loaded model: yolov8n.pt
2025-07-12 12:51:29,634 - INFO - Initializing webcam...
2025-07-12 12:51:32,255 - INFO - Successfully opened camera at index 0
2025-07-12 12:51:32,268 - INFO - Initializing text-to-speech...
2025-07-12 12:51:33,137 - INFO - Setting up worker threads...
2025-07-12 12:51:33,138 - INFO - Detection started
2025-07-12 12:56:06,258 - INFO - Application started at 11:14 AM IST, July 12, 2025
2025-07-12 12:56:06,258 - INFO - Setting up SQLite database...
2025-07-12 12:56:06,259 - INFO - Database setup completed successfully
2025-07-12 12:56:06,259 - INFO - Loading YOLOv8 model...
2025-07-12 12:56:06,397 - INFO - Successfully loaded model: yolov8n.pt
2025-07-12 12:56:06,397 - INFO - Initializing webcam...
2025-07-12 12:56:08,998 - INFO - Successfully opened camera at index 0
2025-07-12 12:56:09,015 - INFO - Initializing text-to-speech...
2025-07-12 12:56:10,277 - INFO - Setting up worker threads...
2025-07-12 12:56:10,279 - INFO - Detection started
2025-07-12 12:57:19,831 - INFO - ROI adjusted to: (220, 155)
2025-07-12 12:57:21,207 - INFO - ROI adjusted to: (220, 165)
2025-07-12 12:57:31,844 - INFO - Cleaning up resources...
2025-07-12 12:57:32,264 - INFO - Cleanup completed
2025-07-12 12:58:25,878 - INFO - Application started at 11:14 AM IST, July 12, 2025
2025-07-12 12:58:25,878 - INFO - Setting up SQLite database...
2025-07-12 12:58:25,879 - INFO - Database setup completed successfully
2025-07-12 12:58:25,879 - INFO - Loading YOLOv8 model...
2025-07-12 12:58:25,966 - INFO - Successfully loaded model: yolov8n.pt
2025-07-12 12:58:25,966 - INFO - Initializing webcam...
2025-07-12 12:58:28,783 - INFO - Successfully opened camera at index 0
2025-07-12 12:58:28,795 - INFO - Initializing text-to-speech...
2025-07-12 12:58:29,643 - INFO - Setting up worker threads...
2025-07-12 12:58:29,644 - INFO - Detection started
2025-07-12 12:58:34,230 - INFO - Cleaning up resources...
2025-07-12 12:58:34,626 - INFO - Cleanup completed
2025-07-12 15:36:15,565 - INFO - Application started at 11:14 AM IST, July 12, 2025
2025-07-12 15:36:15,566 - INFO - Setting up SQLite database...
2025-07-12 15:36:15,570 - INFO - Database setup completed successfully
2025-07-12 15:36:15,571 - INFO - Loading YOLOv8 model...
2025-07-12 15:36:15,742 - INFO - Successfully loaded model: yolov8n.pt
2025-07-12 15:36:15,743 - INFO - Initializing webcam...
2025-07-12 15:36:18,845 - INFO - Successfully opened camera at index 0
2025-07-12 15:36:18,857 - INFO - Initializing text-to-speech...
2025-07-12 15:36:20,215 - INFO - Setting up worker threads...
2025-07-12 15:36:20,216 - INFO - Detection started
2025-07-12 15:38:53,875 - INFO - Cleaning up resources...
2025-07-12 15:38:54,292 - INFO - Cleanup completed
2025-07-12 15:39:01,026 - INFO - Application started at 11:14 AM IST, July 12, 2025
2025-07-12 15:39:01,027 - INFO - Setting up SQLite database...
2025-07-12 15:39:01,028 - INFO - Database setup completed successfully
2025-07-12 15:39:01,028 - INFO - Loading YOLOv8 model...
2025-07-12 15:39:01,152 - INFO - Successfully loaded model: yolov8n.pt
2025-07-12 15:39:01,152 - INFO - Initializing webcam...
2025-07-12 15:39:03,731 - INFO - Successfully opened camera at index 0
2025-07-12 15:39:03,748 - INFO - Initializing text-to-speech...
2025-07-12 15:39:04,704 - INFO - Setting up worker threads...
2025-07-12 15:39:04,707 - INFO - Detection started
2025-07-12 15:39:10,114 - INFO - New bottle detected: #1, Confidence: 0.69
2025-07-12 15:39:31,536 - INFO - New bottle detected: #2, Confidence: 0.55
2025-07-12 15:39:32,731 - INFO - New bottle detected: #3, Confidence: 0.52
2025-07-12 15:39:39,481 - INFO - New bottle detected: #4, Confidence: 0.56
2025-07-12 15:39:41,777 - INFO - New bottle detected: #5, Confidence: 0.58
2025-07-12 15:40:01,701 - INFO - New bottle detected: #6, Confidence: 0.50
2025-07-12 15:40:07,302 - INFO - New bottle detected: #7, Confidence: 0.64
2025-07-12 15:41:07,153 - INFO - Donor name set to: sai
2025-07-12 15:43:12,921 - INFO - Cleaning up resources...
2025-07-12 15:43:13,390 - INFO - Cleanup completed
2025-07-12 16:49:08,962 - INFO - Application started at 11:14 AM IST, July 12, 2025
2025-07-12 16:49:08,962 - INFO - Setting up SQLite database...
2025-07-12 16:49:08,969 - INFO - Database setup completed successfully
2025-07-12 16:49:08,969 - INFO - Loading YOLOv8 model...
2025-07-12 16:49:09,218 - INFO - Successfully loaded model: yolov8n.pt
2025-07-12 16:49:09,219 - INFO - Initializing webcam...
2025-07-12 16:49:12,913 - INFO - Successfully opened camera at index 0
2025-07-12 16:49:12,931 - INFO - Initializing text-to-speech...
2025-07-12 16:49:14,301 - INFO - Setting up worker threads...
2025-07-12 16:49:14,302 - INFO - Detection started
2025-07-12 16:53:53,601 - INFO - Cleaning up resources...
2025-07-12 16:53:54,059 - INFO - Cleanup completed
2025-07-12 16:59:42,078 - INFO - Application started at 11:14 AM IST, July 12, 2025
2025-07-12 16:59:42,079 - INFO - Setting up SQLite database...
2025-07-12 16:59:42,085 - INFO - Database setup completed successfully
2025-07-12 16:59:42,085 - INFO - Loading YOLOv8 model...
2025-07-12 16:59:42,269 - INFO - Successfully loaded model: yolov8n.pt
2025-07-12 16:59:42,270 - INFO - Initializing webcam...
2025-07-12 16:59:45,320 - INFO - Successfully opened camera at index 0
2025-07-12 16:59:45,343 - INFO - Initializing text-to-speech...
2025-07-12 16:59:46,725 - INFO - Setting up worker threads...
2025-07-12 16:59:46,726 - INFO - Detection started
2025-07-12 17:20:17,568 - INFO - Donor name set to: sai
2025-07-12 17:21:31,416 - INFO - Session reset
2025-07-12 17:21:34,573 - INFO - Cleaning up resources...
2025-07-12 17:21:35,111 - INFO - Cleanup completed
2025-07-12 17:21:42,928 - INFO - Application started at 11:14 AM IST, July 12, 2025
2025-07-12 17:21:42,928 - INFO - Setting up SQLite database...
2025-07-12 17:21:42,933 - INFO - Database setup completed successfully
2025-07-12 17:21:42,933 - INFO - Loading YOLOv8 model...
2025-07-12 17:21:43,091 - INFO - Successfully loaded model: yolov8n.pt
2025-07-12 17:21:43,091 - INFO - Initializing webcam...
2025-07-12 17:21:45,927 - INFO - Successfully opened camera at index 0
2025-07-12 17:21:45,946 - INFO - Initializing text-to-speech...
2025-07-12 17:21:47,356 - INFO - Setting up worker threads...
2025-07-12 17:21:47,358 - INFO - Detection started
2025-07-12 17:22:36,935 - INFO - Deleted session ID: 6
2025-07-12 17:22:37,347 - ERROR - Error deleting session: bad window path name ".!toplevel"
2025-07-12 17:22:51,735 - INFO - New bottle detected: #1, Confidence: 0.52
2025-07-12 17:22:56,498 - INFO - New bottle detected: #2, Confidence: 0.50
2025-07-12 17:23:20,844 - INFO - New bottle detected: #3, Confidence: 0.72
2025-07-12 17:23:30,570 - INFO - New bottle detected: #4, Confidence: 0.51
2025-07-12 17:23:41,576 - INFO - Donor name set to: kiran
2025-07-12 17:23:46,888 - INFO - Cleaning up resources...
2025-07-12 17:23:47,255 - INFO - Cleanup completed
2025-07-12 17:23:52,045 - INFO - Application started at 11:14 AM IST, July 12, 2025
2025-07-12 17:23:52,045 - INFO - Setting up SQLite database...
2025-07-12 17:23:52,048 - INFO - Database setup completed successfully
2025-07-12 17:23:52,048 - INFO - Loading YOLOv8 model...
2025-07-12 17:23:52,144 - INFO - Successfully loaded model: yolov8n.pt
2025-07-12 17:23:52,144 - INFO - Initializing webcam...
2025-07-12 17:23:54,824 - INFO - Successfully opened camera at index 0
2025-07-12 17:23:54,835 - INFO - Initializing text-to-speech...
2025-07-12 17:23:55,684 - INFO - Setting up worker threads...
2025-07-12 17:23:55,685 - INFO - Detection started
2025-07-12 17:24:23,788 - INFO - Cleaning up resources...
2025-07-12 17:24:24,180 - INFO - Cleanup completed
