2025-08-26 15:37:12,311 - INFO - Application started at 11:14 AM IST, July 12, 2025
2025-08-26 15:37:12,311 - INFO - Setting up SQLite database...
2025-08-26 15:37:12,317 - INFO - Database setup completed successfully
2025-08-26 15:37:12,317 - INFO - Loading YOLOv8 model...
2025-08-26 15:37:12,513 - INFO - Successfully loaded model: yolov8n.pt
2025-08-26 15:37:12,513 - INFO - Initializing webcam...
2025-08-26 15:37:15,649 - INFO - Successfully opened camera at index 0
2025-08-26 15:37:15,665 - INFO - Initializing text-to-speech...
2025-08-26 15:37:17,228 - INFO - Setting up worker threads...
2025-08-26 15:37:17,229 - INFO - Detection started
2025-08-26 15:37:29,862 - INFO - Cleaning up resources...
2025-08-26 15:37:30,295 - INFO - Cleanup completed
2025-08-26 16:17:06,117 - INFO - Application started at 11:14 AM IST, July 12, 2025
2025-08-26 16:17:06,117 - INFO - Setting up SQLite database...
2025-08-26 16:17:06,123 - INFO - Database setup completed successfully
2025-08-26 16:17:06,123 - INFO - Loading YOLOv8 model...
2025-08-26 16:17:06,305 - INFO - Successfully loaded model: yolov8n.pt
2025-08-26 16:17:06,305 - INFO - Initializing webcam...
2025-08-26 16:17:09,291 - INFO - Successfully opened camera at index 0
2025-08-26 16:17:09,316 - INFO - Initializing text-to-speech...
2025-08-26 16:17:10,790 - INFO - Setting up worker threads...
2025-08-26 16:17:10,791 - INFO - Detection started
2025-08-26 16:17:52,480 - INFO - Cleaning up resources...
2025-08-26 16:17:52,860 - INFO - Cleanup completed
