2025-07-13 12:11:32,198 - INFO - Application started at 11:14 AM IST, July 12, 2025
2025-07-13 12:11:32,198 - INFO - Setting up SQLite database...
2025-07-13 12:11:32,206 - INFO - Database setup completed successfully
2025-07-13 12:11:32,206 - INFO - Loading YOLOv8 model...
2025-07-13 12:11:32,435 - INFO - Successfully loaded model: yolov8n.pt
2025-07-13 12:11:32,436 - INFO - Initializing webcam...
2025-07-13 12:11:35,553 - INFO - Successfully opened camera at index 0
2025-07-13 12:11:35,571 - INFO - Initializing text-to-speech...
2025-07-13 12:11:37,206 - INFO - Setting up worker threads...
2025-07-13 12:11:37,208 - INFO - Detection started
2025-07-13 12:13:28,441 - INFO - New bottle detected: #1, Confidence: 0.56
2025-07-13 12:15:11,952 - INFO - New bottle detected: #2, Confidence: 0.52
2025-07-13 12:15:33,858 - INFO - New bottle detected: #3, Confidence: 0.60
2025-07-13 12:15:59,105 - INFO - Cleaning up resources...
2025-07-13 12:15:59,622 - INFO - Cleanup completed
2025-07-13 12:16:05,505 - INFO - Application started at 11:14 AM IST, July 12, 2025
2025-07-13 12:16:05,505 - INFO - Setting up SQLite database...
2025-07-13 12:16:05,507 - INFO - Database setup completed successfully
2025-07-13 12:16:05,507 - INFO - Loading YOLOv8 model...
2025-07-13 12:16:05,646 - INFO - Successfully loaded model: yolov8n.pt
2025-07-13 12:16:05,647 - INFO - Initializing webcam...
2025-07-13 12:16:08,189 - INFO - Successfully opened camera at index 0
2025-07-13 12:16:08,198 - INFO - Initializing text-to-speech...
2025-07-13 12:16:09,279 - INFO - Setting up worker threads...
2025-07-13 12:16:09,280 - INFO - Detection started
2025-07-13 12:16:18,026 - INFO - Deleted session ID: 7
2025-07-13 12:16:18,478 - ERROR - Error deleting session: bad window path name ".!toplevel"
2025-07-13 12:16:23,043 - INFO - Cleaning up resources...
2025-07-13 12:16:23,420 - INFO - Cleanup completed
2025-07-13 13:02:07,045 - INFO - Application started at 11:14 AM IST, July 12, 2025
2025-07-13 13:02:07,047 - INFO - Setting up SQLite database...
2025-07-13 13:02:07,053 - INFO - Database setup completed successfully
2025-07-13 13:02:07,053 - INFO - Loading YOLOv8 model...
2025-07-13 13:02:07,215 - INFO - Successfully loaded model: yolov8n.pt
2025-07-13 13:02:07,215 - INFO - Initializing webcam...
2025-07-13 13:02:10,218 - INFO - Successfully opened camera at index 0
2025-07-13 13:02:10,234 - INFO - Initializing text-to-speech...
2025-07-13 13:02:11,605 - INFO - Setting up worker threads...
2025-07-13 13:02:11,608 - INFO - Detection started
2025-07-13 13:04:03,929 - INFO - Cleaning up resources...
2025-07-13 13:04:04,355 - INFO - Cleanup completed
